[     885ms] [LOG] flushStatementQueue called. There are 0 statements to be flushed. @ https://cpcontents.adobe.com/fr/public/prime-player/js/app.b6cc27fc.js:0
[    1875ms] [LOG] flushStatementQueue called. There are 1 statements to be flushed. @ https://cpcontents.adobe.com/fr/public/prime-player/js/app.b6cc27fc.js:0
[    2079ms] [INFO] success callback @ https://cpcontents.adobe.com/fr/public/prime-player/js/chunk-vendors.bdcf9ac4.js:239
[    2079ms] [INFO] success callback @ https://cpcontents.adobe.com/fr/public/prime-player/js/chunk-vendors.bdcf9ac4.js:239
[    2079ms] [INFO] success callback @ https://cpcontents.adobe.com/fr/public/prime-player/js/chunk-vendors.bdcf9ac4.js:239
[    2079ms] [INFO] success callback @ https://cpcontents.adobe.com/fr/public/prime-player/js/chunk-vendors.bdcf9ac4.js:239
[    2079ms] [INFO] success callback @ https://cpcontents.adobe.com/fr/public/prime-player/js/chunk-vendors.bdcf9ac4.js:239
[    2079ms] [INFO] success callback @ https://cpcontents.adobe.com/fr/public/prime-player/js/chunk-vendors.bdcf9ac4.js:239
[    2079ms] [INFO] success callback @ https://cpcontents.adobe.com/fr/public/prime-player/js/chunk-vendors.bdcf9ac4.js:239
[    2079ms] [INFO] success callback @ https://cpcontents.adobe.com/fr/public/prime-player/js/chunk-vendors.bdcf9ac4.js:239
[    2079ms] [INFO] success callback @ https://cpcontents.adobe.com/fr/public/prime-player/js/chunk-vendors.bdcf9ac4.js:239
[    2079ms] [INFO] success callback @ https://cpcontents.adobe.com/fr/public/prime-player/js/chunk-vendors.bdcf9ac4.js:239
[    2079ms] [INFO] success callback @ https://cpcontents.adobe.com/fr/public/prime-player/js/chunk-vendors.bdcf9ac4.js:239
[    2079ms] [INFO] success callback @ https://cpcontents.adobe.com/fr/public/prime-player/js/chunk-vendors.bdcf9ac4.js:239
[    2079ms] [INFO] success callback @ https://cpcontents.adobe.com/fr/public/prime-player/js/chunk-vendors.bdcf9ac4.js:239
[    2079ms] [INFO] success callback @ https://cpcontents.adobe.com/fr/public/prime-player/js/chunk-vendors.bdcf9ac4.js:239
[    2079ms] [INFO] success callback @ https://cpcontents.adobe.com/fr/public/prime-player/js/chunk-vendors.bdcf9ac4.js:239
[    2079ms] [INFO] success callback @ https://cpcontents.adobe.com/fr/public/prime-player/js/chunk-vendors.bdcf9ac4.js:239
[   10892ms] [LOG] flushStatementQueue called. There are 0 statements to be flushed. @ https://cpcontents.adobe.com/fr/public/prime-player/js/app.b6cc27fc.js:0
[   20893ms] [LOG] flushStatementQueue called. There are 0 statements to be flushed. @ https://cpcontents.adobe.com/fr/public/prime-player/js/app.b6cc27fc.js:0
[   21869ms] [LOG] flushStatementQueue called. There are 1 statements to be flushed. @ https://cpcontents.adobe.com/fr/public/prime-player/js/app.b6cc27fc.js:0
[   22070ms] [INFO] success callback @ https://cpcontents.adobe.com/fr/public/prime-player/js/chunk-vendors.bdcf9ac4.js:239
[   22070ms] [INFO] success callback @ https://cpcontents.adobe.com/fr/public/prime-player/js/chunk-vendors.bdcf9ac4.js:239
[   22070ms] [INFO] success callback @ https://cpcontents.adobe.com/fr/public/prime-player/js/chunk-vendors.bdcf9ac4.js:239
[   22070ms] [INFO] success callback @ https://cpcontents.adobe.com/fr/public/prime-player/js/chunk-vendors.bdcf9ac4.js:239
[   22070ms] [INFO] success callback @ https://cpcontents.adobe.com/fr/public/prime-player/js/chunk-vendors.bdcf9ac4.js:239
[   22070ms] [INFO] success callback @ https://cpcontents.adobe.com/fr/public/prime-player/js/chunk-vendors.bdcf9ac4.js:239
[   22070ms] [INFO] success callback @ https://cpcontents.adobe.com/fr/public/prime-player/js/chunk-vendors.bdcf9ac4.js:239
[   22070ms] [INFO] success callback @ https://cpcontents.adobe.com/fr/public/prime-player/js/chunk-vendors.bdcf9ac4.js:239
[   22070ms] [INFO] success callback @ https://cpcontents.adobe.com/fr/public/prime-player/js/chunk-vendors.bdcf9ac4.js:239
[   22070ms] [INFO] success callback @ https://cpcontents.adobe.com/fr/public/prime-player/js/chunk-vendors.bdcf9ac4.js:239
[   22070ms] [INFO] success callback @ https://cpcontents.adobe.com/fr/public/prime-player/js/chunk-vendors.bdcf9ac4.js:239
[   22070ms] [INFO] success callback @ https://cpcontents.adobe.com/fr/public/prime-player/js/chunk-vendors.bdcf9ac4.js:239
[   22070ms] [INFO] success callback @ https://cpcontents.adobe.com/fr/public/prime-player/js/chunk-vendors.bdcf9ac4.js:239
[   22070ms] [INFO] success callback @ https://cpcontents.adobe.com/fr/public/prime-player/js/chunk-vendors.bdcf9ac4.js:239
[   22070ms] [INFO] success callback @ https://cpcontents.adobe.com/fr/public/prime-player/js/chunk-vendors.bdcf9ac4.js:239
[   22070ms] [INFO] success callback @ https://cpcontents.adobe.com/fr/public/prime-player/js/chunk-vendors.bdcf9ac4.js:239
[   30898ms] [LOG] flushStatementQueue called. There are 0 statements to be flushed. @ https://cpcontents.adobe.com/fr/public/prime-player/js/app.b6cc27fc.js:0
[   40896ms] [LOG] flushStatementQueue called. There are 0 statements to be flushed. @ https://cpcontents.adobe.com/fr/public/prime-player/js/app.b6cc27fc.js:0
[   41850ms] [LOG] flushStatementQueue called. There are 1 statements to be flushed. @ https://cpcontents.adobe.com/fr/public/prime-player/js/app.b6cc27fc.js:0
[   41872ms] [LOG] flushStatementQueue called. There are 1 statements to be flushed. @ https://cpcontents.adobe.com/fr/public/prime-player/js/app.b6cc27fc.js:0
[   42082ms] [INFO] success callback @ https://cpcontents.adobe.com/fr/public/prime-player/js/chunk-vendors.bdcf9ac4.js:239
[   42082ms] [INFO] success callback @ https://cpcontents.adobe.com/fr/public/prime-player/js/chunk-vendors.bdcf9ac4.js:239
[   42082ms] [INFO] success callback @ https://cpcontents.adobe.com/fr/public/prime-player/js/chunk-vendors.bdcf9ac4.js:239
[   42082ms] [INFO] success callback @ https://cpcontents.adobe.com/fr/public/prime-player/js/chunk-vendors.bdcf9ac4.js:239
[   42082ms] [INFO] success callback @ https://cpcontents.adobe.com/fr/public/prime-player/js/chunk-vendors.bdcf9ac4.js:239
[   42082ms] [INFO] success callback @ https://cpcontents.adobe.com/fr/public/prime-player/js/chunk-vendors.bdcf9ac4.js:239
[   42082ms] [INFO] success callback @ https://cpcontents.adobe.com/fr/public/prime-player/js/chunk-vendors.bdcf9ac4.js:239
[   42082ms] [INFO] success callback @ https://cpcontents.adobe.com/fr/public/prime-player/js/chunk-vendors.bdcf9ac4.js:239
[   42082ms] [INFO] success callback @ https://cpcontents.adobe.com/fr/public/prime-player/js/chunk-vendors.bdcf9ac4.js:239
[   42082ms] [INFO] success callback @ https://cpcontents.adobe.com/fr/public/prime-player/js/chunk-vendors.bdcf9ac4.js:239
[   42082ms] [INFO] success callback @ https://cpcontents.adobe.com/fr/public/prime-player/js/chunk-vendors.bdcf9ac4.js:239
[   42082ms] [INFO] success callback @ https://cpcontents.adobe.com/fr/public/prime-player/js/chunk-vendors.bdcf9ac4.js:239
[   42082ms] [INFO] success callback @ https://cpcontents.adobe.com/fr/public/prime-player/js/chunk-vendors.bdcf9ac4.js:239
[   42082ms] [INFO] success callback @ https://cpcontents.adobe.com/fr/public/prime-player/js/chunk-vendors.bdcf9ac4.js:239
[   42082ms] [INFO] success callback @ https://cpcontents.adobe.com/fr/public/prime-player/js/chunk-vendors.bdcf9ac4.js:239
[   42082ms] [INFO] success callback @ https://cpcontents.adobe.com/fr/public/prime-player/js/chunk-vendors.bdcf9ac4.js:239
[   45895ms] [LOG] flushStatementQueue called. There are 1 statements to be flushed. @ https://cpcontents.adobe.com/fr/public/prime-player/js/app.b6cc27fc.js:0
[   46104ms] [INFO] success callback @ https://cpcontents.adobe.com/fr/public/prime-player/js/chunk-vendors.bdcf9ac4.js:239
[   46104ms] [INFO] success callback @ https://cpcontents.adobe.com/fr/public/prime-player/js/chunk-vendors.bdcf9ac4.js:239
[   46104ms] [INFO] success callback @ https://cpcontents.adobe.com/fr/public/prime-player/js/chunk-vendors.bdcf9ac4.js:239
[   46104ms] [INFO] success callback @ https://cpcontents.adobe.com/fr/public/prime-player/js/chunk-vendors.bdcf9ac4.js:239
[   46104ms] [INFO] success callback @ https://cpcontents.adobe.com/fr/public/prime-player/js/chunk-vendors.bdcf9ac4.js:239
[   46104ms] [INFO] success callback @ https://cpcontents.adobe.com/fr/public/prime-player/js/chunk-vendors.bdcf9ac4.js:239
[   46104ms] [INFO] success callback @ https://cpcontents.adobe.com/fr/public/prime-player/js/chunk-vendors.bdcf9ac4.js:239
[   46104ms] [INFO] success callback @ https://cpcontents.adobe.com/fr/public/prime-player/js/chunk-vendors.bdcf9ac4.js:239
[   46104ms] [INFO] success callback @ https://cpcontents.adobe.com/fr/public/prime-player/js/chunk-vendors.bdcf9ac4.js:239
[   46104ms] [INFO] success callback @ https://cpcontents.adobe.com/fr/public/prime-player/js/chunk-vendors.bdcf9ac4.js:239
[   46104ms] [INFO] success callback @ https://cpcontents.adobe.com/fr/public/prime-player/js/chunk-vendors.bdcf9ac4.js:239
[   46104ms] [INFO] success callback @ https://cpcontents.adobe.com/fr/public/prime-player/js/chunk-vendors.bdcf9ac4.js:239
[   46104ms] [INFO] success callback @ https://cpcontents.adobe.com/fr/public/prime-player/js/chunk-vendors.bdcf9ac4.js:239
[   46104ms] [INFO] success callback @ https://cpcontents.adobe.com/fr/public/prime-player/js/chunk-vendors.bdcf9ac4.js:239
[   46104ms] [INFO] success callback @ https://cpcontents.adobe.com/fr/public/prime-player/js/chunk-vendors.bdcf9ac4.js:239
[   46104ms] [INFO] success callback @ https://cpcontents.adobe.com/fr/public/prime-player/js/chunk-vendors.bdcf9ac4.js:239
[   50890ms] [LOG] flushStatementQueue called. There are 0 statements to be flushed. @ https://cpcontents.adobe.com/fr/public/prime-player/js/app.b6cc27fc.js:0
[   60884ms] [LOG] flushStatementQueue called. There are 0 statements to be flushed. @ https://cpcontents.adobe.com/fr/public/prime-player/js/app.b6cc27fc.js:0
