[       7ms] [LOG] rcvd close msg @ https://cpcontents.adobe.com/fr/public/prime-player/js/app.b6cc27fc.js:0
[      17ms] [LOG] flushStatementQueue called. There are 1 statements to be flushed. @ https://cpcontents.adobe.com/fr/public/prime-player/js/app.b6cc27fc.js:0
[      31ms] [LOG] flushStatementQueue called. There are 1 statements to be flushed. @ https://cpcontents.adobe.com/fr/public/prime-player/js/app.b6cc27fc.js:0
[      32ms] [ERROR] Ajax error occured for  https://learningmanagerfr.adobe.com//primeapi/v2/users/22269687/moduleReset?loId=course:4059000&loResourceId=course:4059000_4630795_9267217_1&i_qp_reset=false&i_qp_started_time=1784295141&close=true&access_token=e29ce9452090c2a24ae8607206c678c9 GET @ https://cpcontents.adobe.com/fr/public/prime-player/js/app.b6cc27fc.js:0
[      34ms] [LOG] Worker: Received {"command":"failedApi","value":"{\"url\":\"https://learningmanagerfr.adobe.com//primeapi/v2/users/22269687/moduleReset?loId=course:4059000&loResourceId=course:4059000_4630795_9267217_1&i_qp_reset=false&i_qp_started_time=1784295141&close=true&access_token=e29ce9452090c2a24ae8607206c678c9\",\"type\":\"GET\",\"isLocal\":false,\"global\":true,\"processData\":false,\"async\":false,\"contentType\":\"application/json;charset=UTF-8\",\"accepts\":{\"*\":\"*/*\",\"text\":\"text/plain\",\"html\":\"text/html\",\"xml\":\"application/xml, text/xml\",\"json\":\"application/json, text/javascript\",\"script\":\"text/javascript, application/javascript, application/ecmascript, application/x-ecmascript\"},\"contents\":{\"xml\":{},\"html\":{},\"json\":{},\"script\":false},\"responseFields\":{\"xml\":\"responseXML\",\"text\":\"responseText\",\"json\":\"responseJSON\"},\"converters\":{\"text html\":true},\"flatOptions\":{\"url\":true,\"context\":true},\"jsonp\":\"callback\",\"dataType\":\"json\",\"xhrFields\":{\"withCredentials\":true},\"crossDomain\":true,\"dataTypes\":[\"json\"],\"hasContent\":false}"} @ https://cpcontents.adobe.com/fr/public/prime-player/js/app.b6cc27fc.js:0
[      42ms] [LOG] Worker: Successfully stored failed api https://learningmanagerfr.adobe.com//primeapi/v2/users/22269687/moduleReset?loId=course:4059000&loResourceId=course:4059000_4630795_9267217_1&i_qp_reset=false&i_qp_started_time=1784295141&close=true&access_token=e29ce9452090c2a24ae8607206c678c9 @ https://cpcontents.adobe.com/fr/public/prime-player/js/app.b6cc27fc.js:0
[     221ms] [INFO] success callback @ https://cpcontents.adobe.com/fr/public/prime-player/js/chunk-vendors.bdcf9ac4.js:239
[     221ms] [INFO] success callback @ https://cpcontents.adobe.com/fr/public/prime-player/js/chunk-vendors.bdcf9ac4.js:239
[     221ms] [INFO] success callback @ https://cpcontents.adobe.com/fr/public/prime-player/js/chunk-vendors.bdcf9ac4.js:239
[     221ms] [INFO] success callback @ https://cpcontents.adobe.com/fr/public/prime-player/js/chunk-vendors.bdcf9ac4.js:239
[     221ms] [INFO] success callback @ https://cpcontents.adobe.com/fr/public/prime-player/js/chunk-vendors.bdcf9ac4.js:239
[     221ms] [INFO] success callback @ https://cpcontents.adobe.com/fr/public/prime-player/js/chunk-vendors.bdcf9ac4.js:239
[     221ms] [INFO] success callback @ https://cpcontents.adobe.com/fr/public/prime-player/js/chunk-vendors.bdcf9ac4.js:239
[     221ms] [INFO] success callback @ https://cpcontents.adobe.com/fr/public/prime-player/js/chunk-vendors.bdcf9ac4.js:239
[     221ms] [INFO] success callback @ https://cpcontents.adobe.com/fr/public/prime-player/js/chunk-vendors.bdcf9ac4.js:239
[     221ms] [INFO] success callback @ https://cpcontents.adobe.com/fr/public/prime-player/js/chunk-vendors.bdcf9ac4.js:239
[     222ms] [INFO] success callback @ https://cpcontents.adobe.com/fr/public/prime-player/js/chunk-vendors.bdcf9ac4.js:239
[     222ms] [INFO] success callback @ https://cpcontents.adobe.com/fr/public/prime-player/js/chunk-vendors.bdcf9ac4.js:239
[     222ms] [INFO] success callback @ https://cpcontents.adobe.com/fr/public/prime-player/js/chunk-vendors.bdcf9ac4.js:239
[     222ms] [INFO] success callback @ https://cpcontents.adobe.com/fr/public/prime-player/js/chunk-vendors.bdcf9ac4.js:239
[     222ms] [INFO] success callback @ https://cpcontents.adobe.com/fr/public/prime-player/js/chunk-vendors.bdcf9ac4.js:239
[     222ms] [INFO] success callback @ https://cpcontents.adobe.com/fr/public/prime-player/js/chunk-vendors.bdcf9ac4.js:239
[     228ms] [LOG] player closed !! @ https://cpcontents.adobe.com/fr/public/prime-player/js/app.b6cc27fc.js:0
[     230ms] [WARNING] Scripts may close only the windows that were opened by them. @ https://alm.ibm.com/etc.clientlibs/learning/clientlibs/clientlib-alm.lc-2b310f79c1e81951878a59b5b08e1036-lc.min.js:123
[     231ms] [LOG] rcvd close msg @ https://cpcontents.adobe.com/fr/public/prime-player/js/app.b6cc27fc.js:0
[     235ms] [LOG] pagehide PageTransitionEvent @ https://cpcontents.adobe.com/fr/public/prime-player/js/app.b6cc27fc.js:0
[     235ms] [LOG] Unload Event @ https://cpcontents.adobe.com/fr/public/prime-player/js/app.b6cc27fc.js:0
[     535ms] [ERROR] Incorrect environment provided prodfr, Must be one of dev/ qe/ stage @ https://cpcontents.adobe.com/fr/public/prime-player/js/app.b6cc27fc.js:0
[     535ms] [ERROR] Incorrect environment provided , Must be one of dev/ qe/ stage @ https://cpcontents.adobe.com/fr/public/prime-player/js/app.b6cc27fc.js:0
[     535ms] [ERROR] Incorrect environment provided , Must be one of dev/ qe/ stage @ https://cpcontents.adobe.com/fr/public/prime-player/js/app.b6cc27fc.js:0
[     535ms] [ERROR] Incorrect hostname provided https://learningmanagerfr.adobe.com, Must be a valid hostname @ https://cpcontents.adobe.com/fr/public/prime-player/js/app.b6cc27fc.js:0
[     535ms] [ERROR] Incorrect environment provided , Must be one of dev/ qe/ stage @ https://cpcontents.adobe.com/fr/public/prime-player/js/app.b6cc27fc.js:0
[     535ms] [ERROR] Incorrect environment provided , Must be one of dev/ qe/ stage @ https://cpcontents.adobe.com/fr/public/prime-player/js/app.b6cc27fc.js:0
[     535ms] [ERROR] Incorrect environment provided , Must be one of dev/ qe/ stage @ https://cpcontents.adobe.com/fr/public/prime-player/js/app.b6cc27fc.js:0
[     536ms] [ERROR] Incorrect environment provided , Must be one of dev/ qe/ stage @ https://cpcontents.adobe.com/fr/public/prime-player/js/app.b6cc27fc.js:0
[    3031ms] [WARNING] Allow attribute will take precedence over 'allowfullscreen'. @ https://alm.ibm.com/etc.clientlibs/clientlibs/granite/coralui3.lc-128ef7bb116bd33e075784c264c98ea8-lc.min.js:1
[    3257ms] [ERROR] Incorrect environment provided prodfr, Must be one of dev/ qe/ stage @ https://cpcontents.adobe.com/fr/public/prime-player/js/app.b6cc27fc.js:0
[    3258ms] [ERROR] Incorrect environment provided , Must be one of dev/ qe/ stage @ https://cpcontents.adobe.com/fr/public/prime-player/js/app.b6cc27fc.js:0
[    3258ms] [ERROR] Incorrect environment provided , Must be one of dev/ qe/ stage @ https://cpcontents.adobe.com/fr/public/prime-player/js/app.b6cc27fc.js:0
[    3258ms] [ERROR] Incorrect hostname provided https://learningmanagerfr.adobe.com, Must be a valid hostname @ https://cpcontents.adobe.com/fr/public/prime-player/js/app.b6cc27fc.js:0
[    3258ms] [ERROR] Incorrect environment provided , Must be one of dev/ qe/ stage @ https://cpcontents.adobe.com/fr/public/prime-player/js/app.b6cc27fc.js:0
[    3258ms] [ERROR] Incorrect environment provided , Must be one of dev/ qe/ stage @ https://cpcontents.adobe.com/fr/public/prime-player/js/app.b6cc27fc.js:0
[    3258ms] [ERROR] Incorrect environment provided , Must be one of dev/ qe/ stage @ https://cpcontents.adobe.com/fr/public/prime-player/js/app.b6cc27fc.js:0
[    3258ms] [ERROR] Incorrect environment provided , Must be one of dev/ qe/ stage @ https://cpcontents.adobe.com/fr/public/prime-player/js/app.b6cc27fc.js:0
[    3527ms] [LOG] app.vue @ https://cpcontents.adobe.com/fr/public/prime-player/js/app.b6cc27fc.js:0
[    3528ms] [ERROR] Incorrect environment provided , Must be one of dev/ qe/ stage @ https://cpcontents.adobe.com/fr/public/prime-player/js/app.b6cc27fc.js:0
[    3528ms] [ERROR] Incorrect environment provided , Must be one of dev/ qe/ stage @ https://cpcontents.adobe.com/fr/public/prime-player/js/app.b6cc27fc.js:0
[    3528ms] [ERROR] Incorrect environment provided , Must be one of dev/ qe/ stage @ https://cpcontents.adobe.com/fr/public/prime-player/js/app.b6cc27fc.js:0
[    3528ms] [ERROR] Incorrect hostname provided https://learningmanagerfr.adobe.com, Must be a valid hostname @ https://cpcontents.adobe.com/fr/public/prime-player/js/app.b6cc27fc.js:0
[    3528ms] [ERROR] Incorrect environment provided , Must be one of dev/ qe/ stage @ https://cpcontents.adobe.com/fr/public/prime-player/js/app.b6cc27fc.js:0
[    3528ms] [ERROR] Incorrect environment provided , Must be one of dev/ qe/ stage @ https://cpcontents.adobe.com/fr/public/prime-player/js/app.b6cc27fc.js:0
[    3528ms] [ERROR] Incorrect environment provided , Must be one of dev/ qe/ stage @ https://cpcontents.adobe.com/fr/public/prime-player/js/app.b6cc27fc.js:0
[    3528ms] [ERROR] Incorrect environment provided , Must be one of dev/ qe/ stage @ https://cpcontents.adobe.com/fr/public/prime-player/js/app.b6cc27fc.js:0
[    3528ms] [LOG] App player parameters read @ https://cpcontents.adobe.com/fr/public/prime-player/js/app.b6cc27fc.js:0
[    3528ms] [LOG] Syncing Params @ https://cpcontents.adobe.com/fr/public/prime-player/js/app.b6cc27fc.js:0
[    3528ms] [LOG] {loId: course:4059000, instanceId: , moduleId: , serverApiEndpoint: https://learningmanagerfr.adobe.com/, userId: } @ https://cpcontents.adobe.com/fr/public/prime-player/js/app.b6cc27fc.js:0
[    3532ms] [LOG] attaching event listeners @ https://cpcontents.adobe.com/fr/public/prime-player/js/app.b6cc27fc.js:0
[    3534ms] [LOG] IndexComponent created @ https://cpcontents.adobe.com/fr/public/prime-player/js/app.b6cc27fc.js:0
[    3535ms] [LOG] format here @ https://cpcontents.adobe.com/fr/public/prime-player/js/app.b6cc27fc.js:0
[    3537ms] [LOG] courseNamePanel created @ https://cpcontents.adobe.com/fr/public/prime-player/js/app.b6cc27fc.js:0
[    3542ms] [LOG] >>>>>>> panelRef watch null @ https://cpcontents.adobe.com/fr/public/prime-player/js/app.b6cc27fc.js:0
[    3543ms] [LOG] Reporting loaded @ https://cpcontents.adobe.com/fr/public/prime-player/js/app.b6cc27fc.js:0
[    3543ms] [LOG] CourseNamePanel null @ https://cpcontents.adobe.com/fr/public/prime-player/js/app.b6cc27fc.js:0
[    3544ms] [LOG] pulloutcomp mounted @ https://cpcontents.adobe.com/fr/public/prime-player/js/app.b6cc27fc.js:0
[    3545ms] [LOG] BottomPanel mounted @ https://cpcontents.adobe.com/fr/public/prime-player/js/app.b6cc27fc.js:0
[    3545ms] [LOG] WebUI loaded @ https://cpcontents.adobe.com/fr/public/prime-player/js/app.b6cc27fc.js:0
[    3546ms] [LOG] Mounted  of index component  Proxy(Object) Proxy(Object) @ https://cpcontents.adobe.com/fr/public/prime-player/js/app.b6cc27fc.js:0
[    3546ms] [LOG] Inserted playerlayout view @ https://cpcontents.adobe.com/fr/public/prime-player/js/app.b6cc27fc.js:0
[    3547ms] [LOG] Error component @ https://cpcontents.adobe.com/fr/public/prime-player/js/app.b6cc27fc.js:0
[    3549ms] [LOG] Configure Quality component @ https://cpcontents.adobe.com/fr/public/prime-player/js/app.b6cc27fc.js:0
[    3557ms] [LOG] tocPanelOpener created @ https://cpcontents.adobe.com/fr/public/prime-player/js/app.b6cc27fc.js:0
[    3559ms] [LOG] FullScreen created @ https://cpcontents.adobe.com/fr/public/prime-player/js/app.b6cc27fc.js:0
[    3561ms] [LOG] here after render @ https://cpcontents.adobe.com/fr/public/prime-player/js/app.b6cc27fc.js:0
[    3563ms] [LOG] tocPanelOpener mounted @ https://cpcontents.adobe.com/fr/public/prime-player/js/app.b6cc27fc.js:0
[    3563ms] [LOG] NotesPanelOpener mounted @ https://cpcontents.adobe.com/fr/public/prime-player/js/app.b6cc27fc.js:0
[    3564ms] [LOG] PulloutOpener mounted @ https://cpcontents.adobe.com/fr/public/prime-player/js/app.b6cc27fc.js:0
[    3564ms] [LOG] FullScreen @ https://cpcontents.adobe.com/fr/public/prime-player/js/app.b6cc27fc.js:0
[    3564ms] [LOG] prev mod @ https://cpcontents.adobe.com/fr/public/prime-player/js/app.b6cc27fc.js:0
[    3564ms] [LOG] NextModule mounted @ https://cpcontents.adobe.com/fr/public/prime-player/js/app.b6cc27fc.js:0
[    3564ms] [LOG] here after render @ https://cpcontents.adobe.com/fr/public/prime-player/js/app.b6cc27fc.js:0
[    3565ms] [LOG] >>>>>>> bottomPanelRef JSHandle@node @ https://cpcontents.adobe.com/fr/public/prime-player/js/app.b6cc27fc.js:0
[    3565ms] [LOG] >>>>>>> bottomPanelRef Proxy(Object) Proxy(Object) @ https://cpcontents.adobe.com/fr/public/prime-player/js/app.b6cc27fc.js:0
[    3565ms] [LOG] >>>>>>> panelRef watch JSHandle@node @ https://cpcontents.adobe.com/fr/public/prime-player/js/app.b6cc27fc.js:0
[    3747ms] [LOG] Worker: Port set @ https://cpcontents.adobe.com/fr/public/prime-player/js/app.b6cc27fc.js:0
[    3747ms] [LOG] Worker: App initialised. @ https://cpcontents.adobe.com/fr/public/prime-player/js/app.b6cc27fc.js:0
[    3747ms] [LOG] Worker: Received {"command":"startWorker","type":"accessToken","value":"","user":"22269687"} @ https://cpcontents.adobe.com/fr/public/prime-player/js/app.b6cc27fc.js:0
[    3757ms] [LOG] Worker: Database initialised @ https://cpcontents.adobe.com/fr/public/prime-player/js/app.b6cc27fc.js:0
[    3780ms] [LOG] App handleAfterModel @ https://cpcontents.adobe.com/fr/public/prime-player/js/app.b6cc27fc.js:0
[    3781ms] [LOG] Initilizing application controller @ https://cpcontents.adobe.com/fr/public/prime-player/js/app.b6cc27fc.js:0
[    3781ms] [LOG] loadIndex watch @ https://cpcontents.adobe.com/fr/public/prime-player/js/app.b6cc27fc.js:0
[    3782ms] [LOG] Received appCtrlData Proxy(Object) @ https://cpcontents.adobe.com/fr/public/prime-player/js/app.b6cc27fc.js:0
[    3782ms] [LOG] Initializing index controller @ https://cpcontents.adobe.com/fr/public/prime-player/js/app.b6cc27fc.js:0
[    3785ms] [LOG] [MQA] hasContentDrivenAttemptTracking: false @ https://cpcontents.adobe.com/fr/public/prime-player/js/app.b6cc27fc.js:0
[    3789ms] [LOG] [Index] Before initializeCmi - window.API exists: object LMSInitialize: function @ https://cpcontents.adobe.com/fr/public/prime-player/js/app.b6cc27fc.js:0
[    3789ms] [LOG] format here @ https://cpcontents.adobe.com/fr/public/prime-player/js/app.b6cc27fc.js:0
[    3791ms] [LOG] ModulePlayer created @ https://cpcontents.adobe.com/fr/public/prime-player/js/app.b6cc27fc.js:0
[    3797ms] [LOG] loadIndex watch @ https://cpcontents.adobe.com/fr/public/prime-player/js/app.b6cc27fc.js:0
[    3797ms] [LOG] ModulePlayer mounted @ https://cpcontents.adobe.com/fr/public/prime-player/js/app.b6cc27fc.js:0
[    3798ms] [LOG] OptionsControl mounted @ https://cpcontents.adobe.com/fr/public/prime-player/js/app.b6cc27fc.js:0
[    4792ms] [LOG] Worker: Retry updated 1 @ https://cpcontents.adobe.com/fr/public/prime-player/js/app.b6cc27fc.js:0
[    4793ms] [LOG] Worker: Statement succeeded and deleted [object Object] @ https://cpcontents.adobe.com/fr/public/prime-player/js/app.b6cc27fc.js:0
[    8800ms] [LOG] flushStatementQueue called. There are 2 statements to be flushed. @ https://cpcontents.adobe.com/fr/public/prime-player/js/app.b6cc27fc.js:0
[    9026ms] [INFO] success callback @ https://cpcontents.adobe.com/fr/public/prime-player/js/chunk-vendors.bdcf9ac4.js:239
[    9026ms] [INFO] success callback @ https://cpcontents.adobe.com/fr/public/prime-player/js/chunk-vendors.bdcf9ac4.js:239
[    9026ms] [INFO] success callback @ https://cpcontents.adobe.com/fr/public/prime-player/js/chunk-vendors.bdcf9ac4.js:239
[    9026ms] [INFO] success callback @ https://cpcontents.adobe.com/fr/public/prime-player/js/chunk-vendors.bdcf9ac4.js:239
[    9026ms] [INFO] success callback @ https://cpcontents.adobe.com/fr/public/prime-player/js/chunk-vendors.bdcf9ac4.js:239
[    9026ms] [INFO] success callback @ https://cpcontents.adobe.com/fr/public/prime-player/js/chunk-vendors.bdcf9ac4.js:239
[    9026ms] [INFO] success callback @ https://cpcontents.adobe.com/fr/public/prime-player/js/chunk-vendors.bdcf9ac4.js:239
[    9026ms] [INFO] success callback @ https://cpcontents.adobe.com/fr/public/prime-player/js/chunk-vendors.bdcf9ac4.js:239
[    9026ms] [INFO] success callback @ https://cpcontents.adobe.com/fr/public/prime-player/js/chunk-vendors.bdcf9ac4.js:239
[    9026ms] [INFO] success callback @ https://cpcontents.adobe.com/fr/public/prime-player/js/chunk-vendors.bdcf9ac4.js:239
[    9027ms] [INFO] success callback @ https://cpcontents.adobe.com/fr/public/prime-player/js/chunk-vendors.bdcf9ac4.js:239
[    9027ms] [INFO] success callback @ https://cpcontents.adobe.com/fr/public/prime-player/js/chunk-vendors.bdcf9ac4.js:239
[    9027ms] [INFO] success callback @ https://cpcontents.adobe.com/fr/public/prime-player/js/chunk-vendors.bdcf9ac4.js:239
[    9027ms] [INFO] success callback @ https://cpcontents.adobe.com/fr/public/prime-player/js/chunk-vendors.bdcf9ac4.js:239
[    9027ms] [INFO] success callback @ https://cpcontents.adobe.com/fr/public/prime-player/js/chunk-vendors.bdcf9ac4.js:239
[    9027ms] [INFO] success callback @ https://cpcontents.adobe.com/fr/public/prime-player/js/chunk-vendors.bdcf9ac4.js:239
[   10828ms] [LOG] Download the Apollo DevTools for a better development experience: %s https://chrome.google.com/webstore/detail/apollo-client-developer-t/jdkknkkbebbapilgoeccciglkfbmbnfm @ https://alm.ibm.com/etc.clientlibs/learning/clientlibs/clientlib-alm.lc-2b310f79c1e81951878a59b5b08e1036-lc.min.js:123
[   13801ms] [LOG] flushStatementQueue called. There are 0 statements to be flushed. @ https://cpcontents.adobe.com/fr/public/prime-player/js/app.b6cc27fc.js:0
[   23794ms] [LOG] flushStatementQueue called. There are 0 statements to be flushed. @ https://cpcontents.adobe.com/fr/public/prime-player/js/app.b6cc27fc.js:0
[   24809ms] [LOG] flushStatementQueue called. There are 1 statements to be flushed. @ https://cpcontents.adobe.com/fr/public/prime-player/js/app.b6cc27fc.js:0
[   25015ms] [INFO] success callback @ https://cpcontents.adobe.com/fr/public/prime-player/js/chunk-vendors.bdcf9ac4.js:239
[   25015ms] [INFO] success callback @ https://cpcontents.adobe.com/fr/public/prime-player/js/chunk-vendors.bdcf9ac4.js:239
[   25015ms] [INFO] success callback @ https://cpcontents.adobe.com/fr/public/prime-player/js/chunk-vendors.bdcf9ac4.js:239
[   25015ms] [INFO] success callback @ https://cpcontents.adobe.com/fr/public/prime-player/js/chunk-vendors.bdcf9ac4.js:239
[   25015ms] [INFO] success callback @ https://cpcontents.adobe.com/fr/public/prime-player/js/chunk-vendors.bdcf9ac4.js:239
[   25015ms] [INFO] success callback @ https://cpcontents.adobe.com/fr/public/prime-player/js/chunk-vendors.bdcf9ac4.js:239
[   25015ms] [INFO] success callback @ https://cpcontents.adobe.com/fr/public/prime-player/js/chunk-vendors.bdcf9ac4.js:239
[   25015ms] [INFO] success callback @ https://cpcontents.adobe.com/fr/public/prime-player/js/chunk-vendors.bdcf9ac4.js:239
[   25015ms] [INFO] success callback @ https://cpcontents.adobe.com/fr/public/prime-player/js/chunk-vendors.bdcf9ac4.js:239
[   25015ms] [INFO] success callback @ https://cpcontents.adobe.com/fr/public/prime-player/js/chunk-vendors.bdcf9ac4.js:239
[   25015ms] [INFO] success callback @ https://cpcontents.adobe.com/fr/public/prime-player/js/chunk-vendors.bdcf9ac4.js:239
[   25015ms] [INFO] success callback @ https://cpcontents.adobe.com/fr/public/prime-player/js/chunk-vendors.bdcf9ac4.js:239
[   25015ms] [INFO] success callback @ https://cpcontents.adobe.com/fr/public/prime-player/js/chunk-vendors.bdcf9ac4.js:239
[   25016ms] [INFO] success callback @ https://cpcontents.adobe.com/fr/public/prime-player/js/chunk-vendors.bdcf9ac4.js:239
[   25016ms] [INFO] success callback @ https://cpcontents.adobe.com/fr/public/prime-player/js/chunk-vendors.bdcf9ac4.js:239
[   25016ms] [INFO] success callback @ https://cpcontents.adobe.com/fr/public/prime-player/js/chunk-vendors.bdcf9ac4.js:239
[   33792ms] [LOG] flushStatementQueue called. There are 0 statements to be flushed. @ https://cpcontents.adobe.com/fr/public/prime-player/js/app.b6cc27fc.js:0
[   43788ms] [LOG] flushStatementQueue called. There are 0 statements to be flushed. @ https://cpcontents.adobe.com/fr/public/prime-player/js/app.b6cc27fc.js:0
[   44810ms] [LOG] flushStatementQueue called. There are 1 statements to be flushed. @ https://cpcontents.adobe.com/fr/public/prime-player/js/app.b6cc27fc.js:0
[   45015ms] [INFO] success callback @ https://cpcontents.adobe.com/fr/public/prime-player/js/chunk-vendors.bdcf9ac4.js:239
[   45015ms] [INFO] success callback @ https://cpcontents.adobe.com/fr/public/prime-player/js/chunk-vendors.bdcf9ac4.js:239
[   45015ms] [INFO] success callback @ https://cpcontents.adobe.com/fr/public/prime-player/js/chunk-vendors.bdcf9ac4.js:239
[   45015ms] [INFO] success callback @ https://cpcontents.adobe.com/fr/public/prime-player/js/chunk-vendors.bdcf9ac4.js:239
[   45015ms] [INFO] success callback @ https://cpcontents.adobe.com/fr/public/prime-player/js/chunk-vendors.bdcf9ac4.js:239
[   45015ms] [INFO] success callback @ https://cpcontents.adobe.com/fr/public/prime-player/js/chunk-vendors.bdcf9ac4.js:239
[   45015ms] [INFO] success callback @ https://cpcontents.adobe.com/fr/public/prime-player/js/chunk-vendors.bdcf9ac4.js:239
[   45015ms] [INFO] success callback @ https://cpcontents.adobe.com/fr/public/prime-player/js/chunk-vendors.bdcf9ac4.js:239
[   45015ms] [INFO] success callback @ https://cpcontents.adobe.com/fr/public/prime-player/js/chunk-vendors.bdcf9ac4.js:239
[   45015ms] [INFO] success callback @ https://cpcontents.adobe.com/fr/public/prime-player/js/chunk-vendors.bdcf9ac4.js:239
[   45016ms] [INFO] success callback @ https://cpcontents.adobe.com/fr/public/prime-player/js/chunk-vendors.bdcf9ac4.js:239
[   45016ms] [INFO] success callback @ https://cpcontents.adobe.com/fr/public/prime-player/js/chunk-vendors.bdcf9ac4.js:239
[   45016ms] [INFO] success callback @ https://cpcontents.adobe.com/fr/public/prime-player/js/chunk-vendors.bdcf9ac4.js:239
[   45016ms] [INFO] success callback @ https://cpcontents.adobe.com/fr/public/prime-player/js/chunk-vendors.bdcf9ac4.js:239
[   45016ms] [INFO] success callback @ https://cpcontents.adobe.com/fr/public/prime-player/js/chunk-vendors.bdcf9ac4.js:239
[   45016ms] [INFO] success callback @ https://cpcontents.adobe.com/fr/public/prime-player/js/chunk-vendors.bdcf9ac4.js:239
[   53798ms] [LOG] flushStatementQueue called. There are 0 statements to be flushed. @ https://cpcontents.adobe.com/fr/public/prime-player/js/app.b6cc27fc.js:0
[   63788ms] [LOG] flushStatementQueue called. There are 0 statements to be flushed. @ https://cpcontents.adobe.com/fr/public/prime-player/js/app.b6cc27fc.js:0
[   64792ms] [LOG] flushStatementQueue called. There are 1 statements to be flushed. @ https://cpcontents.adobe.com/fr/public/prime-player/js/app.b6cc27fc.js:0
[   64800ms] [LOG] flushStatementQueue called. There are 1 statements to be flushed. @ https://cpcontents.adobe.com/fr/public/prime-player/js/app.b6cc27fc.js:0
[   65025ms] [INFO] success callback @ https://cpcontents.adobe.com/fr/public/prime-player/js/chunk-vendors.bdcf9ac4.js:239
[   65025ms] [INFO] success callback @ https://cpcontents.adobe.com/fr/public/prime-player/js/chunk-vendors.bdcf9ac4.js:239
[   65025ms] [INFO] success callback @ https://cpcontents.adobe.com/fr/public/prime-player/js/chunk-vendors.bdcf9ac4.js:239
[   65025ms] [INFO] success callback @ https://cpcontents.adobe.com/fr/public/prime-player/js/chunk-vendors.bdcf9ac4.js:239
[   65026ms] [INFO] success callback @ https://cpcontents.adobe.com/fr/public/prime-player/js/chunk-vendors.bdcf9ac4.js:239
[   65026ms] [INFO] success callback @ https://cpcontents.adobe.com/fr/public/prime-player/js/chunk-vendors.bdcf9ac4.js:239
[   65026ms] [INFO] success callback @ https://cpcontents.adobe.com/fr/public/prime-player/js/chunk-vendors.bdcf9ac4.js:239
[   65026ms] [INFO] success callback @ https://cpcontents.adobe.com/fr/public/prime-player/js/chunk-vendors.bdcf9ac4.js:239
[   65026ms] [INFO] success callback @ https://cpcontents.adobe.com/fr/public/prime-player/js/chunk-vendors.bdcf9ac4.js:239
[   65026ms] [INFO] success callback @ https://cpcontents.adobe.com/fr/public/prime-player/js/chunk-vendors.bdcf9ac4.js:239
[   65026ms] [INFO] success callback @ https://cpcontents.adobe.com/fr/public/prime-player/js/chunk-vendors.bdcf9ac4.js:239
[   65026ms] [INFO] success callback @ https://cpcontents.adobe.com/fr/public/prime-player/js/chunk-vendors.bdcf9ac4.js:239
[   65026ms] [INFO] success callback @ https://cpcontents.adobe.com/fr/public/prime-player/js/chunk-vendors.bdcf9ac4.js:239
[   65026ms] [INFO] success callback @ https://cpcontents.adobe.com/fr/public/prime-player/js/chunk-vendors.bdcf9ac4.js:239
[   65026ms] [INFO] success callback @ https://cpcontents.adobe.com/fr/public/prime-player/js/chunk-vendors.bdcf9ac4.js:239
[   65026ms] [INFO] success callback @ https://cpcontents.adobe.com/fr/public/prime-player/js/chunk-vendors.bdcf9ac4.js:239
[   68787ms] [LOG] flushStatementQueue called. There are 1 statements to be flushed. @ https://cpcontents.adobe.com/fr/public/prime-player/js/app.b6cc27fc.js:0
[   68992ms] [INFO] success callback @ https://cpcontents.adobe.com/fr/public/prime-player/js/chunk-vendors.bdcf9ac4.js:239
[   68992ms] [INFO] success callback @ https://cpcontents.adobe.com/fr/public/prime-player/js/chunk-vendors.bdcf9ac4.js:239
[   68992ms] [INFO] success callback @ https://cpcontents.adobe.com/fr/public/prime-player/js/chunk-vendors.bdcf9ac4.js:239
[   68992ms] [INFO] success callback @ https://cpcontents.adobe.com/fr/public/prime-player/js/chunk-vendors.bdcf9ac4.js:239
[   68992ms] [INFO] success callback @ https://cpcontents.adobe.com/fr/public/prime-player/js/chunk-vendors.bdcf9ac4.js:239
[   68992ms] [INFO] success callback @ https://cpcontents.adobe.com/fr/public/prime-player/js/chunk-vendors.bdcf9ac4.js:239
[   68992ms] [INFO] success callback @ https://cpcontents.adobe.com/fr/public/prime-player/js/chunk-vendors.bdcf9ac4.js:239
[   68992ms] [INFO] success callback @ https://cpcontents.adobe.com/fr/public/prime-player/js/chunk-vendors.bdcf9ac4.js:239
[   68992ms] [INFO] success callback @ https://cpcontents.adobe.com/fr/public/prime-player/js/chunk-vendors.bdcf9ac4.js:239
[   68992ms] [INFO] success callback @ https://cpcontents.adobe.com/fr/public/prime-player/js/chunk-vendors.bdcf9ac4.js:239
[   68992ms] [INFO] success callback @ https://cpcontents.adobe.com/fr/public/prime-player/js/chunk-vendors.bdcf9ac4.js:239
[   68992ms] [INFO] success callback @ https://cpcontents.adobe.com/fr/public/prime-player/js/chunk-vendors.bdcf9ac4.js:239
[   68992ms] [INFO] success callback @ https://cpcontents.adobe.com/fr/public/prime-player/js/chunk-vendors.bdcf9ac4.js:239
[   68992ms] [INFO] success callback @ https://cpcontents.adobe.com/fr/public/prime-player/js/chunk-vendors.bdcf9ac4.js:239
[   68992ms] [INFO] success callback @ https://cpcontents.adobe.com/fr/public/prime-player/js/chunk-vendors.bdcf9ac4.js:239
[   68992ms] [INFO] success callback @ https://cpcontents.adobe.com/fr/public/prime-player/js/chunk-vendors.bdcf9ac4.js:239
[   73789ms] [LOG] flushStatementQueue called. There are 0 statements to be flushed. @ https://cpcontents.adobe.com/fr/public/prime-player/js/app.b6cc27fc.js:0
[   83787ms] [LOG] flushStatementQueue called. There are 0 statements to be flushed. @ https://cpcontents.adobe.com/fr/public/prime-player/js/app.b6cc27fc.js:0
[   84811ms] [LOG] flushStatementQueue called. There are 1 statements to be flushed. @ https://cpcontents.adobe.com/fr/public/prime-player/js/app.b6cc27fc.js:0
[   85021ms] [INFO] success callback @ https://cpcontents.adobe.com/fr/public/prime-player/js/chunk-vendors.bdcf9ac4.js:239
[   85021ms] [INFO] success callback @ https://cpcontents.adobe.com/fr/public/prime-player/js/chunk-vendors.bdcf9ac4.js:239
[   85021ms] [INFO] success callback @ https://cpcontents.adobe.com/fr/public/prime-player/js/chunk-vendors.bdcf9ac4.js:239
[   85021ms] [INFO] success callback @ https://cpcontents.adobe.com/fr/public/prime-player/js/chunk-vendors.bdcf9ac4.js:239
[   85021ms] [INFO] success callback @ https://cpcontents.adobe.com/fr/public/prime-player/js/chunk-vendors.bdcf9ac4.js:239
[   85021ms] [INFO] success callback @ https://cpcontents.adobe.com/fr/public/prime-player/js/chunk-vendors.bdcf9ac4.js:239
[   85022ms] [INFO] success callback @ https://cpcontents.adobe.com/fr/public/prime-player/js/chunk-vendors.bdcf9ac4.js:239
[   85022ms] [INFO] success callback @ https://cpcontents.adobe.com/fr/public/prime-player/js/chunk-vendors.bdcf9ac4.js:239
[   85022ms] [INFO] success callback @ https://cpcontents.adobe.com/fr/public/prime-player/js/chunk-vendors.bdcf9ac4.js:239
[   85022ms] [INFO] success callback @ https://cpcontents.adobe.com/fr/public/prime-player/js/chunk-vendors.bdcf9ac4.js:239
[   85022ms] [INFO] success callback @ https://cpcontents.adobe.com/fr/public/prime-player/js/chunk-vendors.bdcf9ac4.js:239
[   85022ms] [INFO] success callback @ https://cpcontents.adobe.com/fr/public/prime-player/js/chunk-vendors.bdcf9ac4.js:239
[   85022ms] [INFO] success callback @ https://cpcontents.adobe.com/fr/public/prime-player/js/chunk-vendors.bdcf9ac4.js:239
[   85022ms] [INFO] success callback @ https://cpcontents.adobe.com/fr/public/prime-player/js/chunk-vendors.bdcf9ac4.js:239
[   85022ms] [INFO] success callback @ https://cpcontents.adobe.com/fr/public/prime-player/js/chunk-vendors.bdcf9ac4.js:239
[   85022ms] [INFO] success callback @ https://cpcontents.adobe.com/fr/public/prime-player/js/chunk-vendors.bdcf9ac4.js:239
[   93790ms] [LOG] flushStatementQueue called. There are 0 statements to be flushed. @ https://cpcontents.adobe.com/fr/public/prime-player/js/app.b6cc27fc.js:0
[  103797ms] [LOG] flushStatementQueue called. There are 0 statements to be flushed. @ https://cpcontents.adobe.com/fr/public/prime-player/js/app.b6cc27fc.js:0
[  104808ms] [LOG] flushStatementQueue called. There are 1 statements to be flushed. @ https://cpcontents.adobe.com/fr/public/prime-player/js/app.b6cc27fc.js:0
[  105020ms] [INFO] success callback @ https://cpcontents.adobe.com/fr/public/prime-player/js/chunk-vendors.bdcf9ac4.js:239
[  105020ms] [INFO] success callback @ https://cpcontents.adobe.com/fr/public/prime-player/js/chunk-vendors.bdcf9ac4.js:239
[  105020ms] [INFO] success callback @ https://cpcontents.adobe.com/fr/public/prime-player/js/chunk-vendors.bdcf9ac4.js:239
[  105021ms] [INFO] success callback @ https://cpcontents.adobe.com/fr/public/prime-player/js/chunk-vendors.bdcf9ac4.js:239
[  105021ms] [INFO] success callback @ https://cpcontents.adobe.com/fr/public/prime-player/js/chunk-vendors.bdcf9ac4.js:239
[  105021ms] [INFO] success callback @ https://cpcontents.adobe.com/fr/public/prime-player/js/chunk-vendors.bdcf9ac4.js:239
[  105021ms] [INFO] success callback @ https://cpcontents.adobe.com/fr/public/prime-player/js/chunk-vendors.bdcf9ac4.js:239
[  105021ms] [INFO] success callback @ https://cpcontents.adobe.com/fr/public/prime-player/js/chunk-vendors.bdcf9ac4.js:239
[  105021ms] [INFO] success callback @ https://cpcontents.adobe.com/fr/public/prime-player/js/chunk-vendors.bdcf9ac4.js:239
[  105021ms] [INFO] success callback @ https://cpcontents.adobe.com/fr/public/prime-player/js/chunk-vendors.bdcf9ac4.js:239
[  105021ms] [INFO] success callback @ https://cpcontents.adobe.com/fr/public/prime-player/js/chunk-vendors.bdcf9ac4.js:239
[  105021ms] [INFO] success callback @ https://cpcontents.adobe.com/fr/public/prime-player/js/chunk-vendors.bdcf9ac4.js:239
[  105021ms] [INFO] success callback @ https://cpcontents.adobe.com/fr/public/prime-player/js/chunk-vendors.bdcf9ac4.js:239
[  105021ms] [INFO] success callback @ https://cpcontents.adobe.com/fr/public/prime-player/js/chunk-vendors.bdcf9ac4.js:239
[  105021ms] [INFO] success callback @ https://cpcontents.adobe.com/fr/public/prime-player/js/chunk-vendors.bdcf9ac4.js:239
[  105021ms] [INFO] success callback @ https://cpcontents.adobe.com/fr/public/prime-player/js/chunk-vendors.bdcf9ac4.js:239
[  113794ms] [LOG] flushStatementQueue called. There are 0 statements to be flushed. @ https://cpcontents.adobe.com/fr/public/prime-player/js/app.b6cc27fc.js:0
[  123789ms] [LOG] flushStatementQueue called. There are 0 statements to be flushed. @ https://cpcontents.adobe.com/fr/public/prime-player/js/app.b6cc27fc.js:0
[  124786ms] [LOG] flushStatementQueue called. There are 1 statements to be flushed. @ https://cpcontents.adobe.com/fr/public/prime-player/js/app.b6cc27fc.js:0
[  124811ms] [LOG] flushStatementQueue called. There are 1 statements to be flushed. @ https://cpcontents.adobe.com/fr/public/prime-player/js/app.b6cc27fc.js:0
[  125011ms] [INFO] success callback @ https://cpcontents.adobe.com/fr/public/prime-player/js/chunk-vendors.bdcf9ac4.js:239
[  125011ms] [INFO] success callback @ https://cpcontents.adobe.com/fr/public/prime-player/js/chunk-vendors.bdcf9ac4.js:239
[  125011ms] [INFO] success callback @ https://cpcontents.adobe.com/fr/public/prime-player/js/chunk-vendors.bdcf9ac4.js:239
[  125011ms] [INFO] success callback @ https://cpcontents.adobe.com/fr/public/prime-player/js/chunk-vendors.bdcf9ac4.js:239
[  125011ms] [INFO] success callback @ https://cpcontents.adobe.com/fr/public/prime-player/js/chunk-vendors.bdcf9ac4.js:239
[  125011ms] [INFO] success callback @ https://cpcontents.adobe.com/fr/public/prime-player/js/chunk-vendors.bdcf9ac4.js:239
[  125011ms] [INFO] success callback @ https://cpcontents.adobe.com/fr/public/prime-player/js/chunk-vendors.bdcf9ac4.js:239
[  125012ms] [INFO] success callback @ https://cpcontents.adobe.com/fr/public/prime-player/js/chunk-vendors.bdcf9ac4.js:239
[  125012ms] [INFO] success callback @ https://cpcontents.adobe.com/fr/public/prime-player/js/chunk-vendors.bdcf9ac4.js:239
[  125012ms] [INFO] success callback @ https://cpcontents.adobe.com/fr/public/prime-player/js/chunk-vendors.bdcf9ac4.js:239
[  125012ms] [INFO] success callback @ https://cpcontents.adobe.com/fr/public/prime-player/js/chunk-vendors.bdcf9ac4.js:239
[  125012ms] [INFO] success callback @ https://cpcontents.adobe.com/fr/public/prime-player/js/chunk-vendors.bdcf9ac4.js:239
[  125012ms] [INFO] success callback @ https://cpcontents.adobe.com/fr/public/prime-player/js/chunk-vendors.bdcf9ac4.js:239
[  125012ms] [INFO] success callback @ https://cpcontents.adobe.com/fr/public/prime-player/js/chunk-vendors.bdcf9ac4.js:239
[  125012ms] [INFO] success callback @ https://cpcontents.adobe.com/fr/public/prime-player/js/chunk-vendors.bdcf9ac4.js:239
[  125012ms] [INFO] success callback @ https://cpcontents.adobe.com/fr/public/prime-player/js/chunk-vendors.bdcf9ac4.js:239
[  128796ms] [LOG] flushStatementQueue called. There are 1 statements to be flushed. @ https://cpcontents.adobe.com/fr/public/prime-player/js/app.b6cc27fc.js:0
[  129007ms] [INFO] success callback @ https://cpcontents.adobe.com/fr/public/prime-player/js/chunk-vendors.bdcf9ac4.js:239
[  129007ms] [INFO] success callback @ https://cpcontents.adobe.com/fr/public/prime-player/js/chunk-vendors.bdcf9ac4.js:239
[  129007ms] [INFO] success callback @ https://cpcontents.adobe.com/fr/public/prime-player/js/chunk-vendors.bdcf9ac4.js:239
[  129007ms] [INFO] success callback @ https://cpcontents.adobe.com/fr/public/prime-player/js/chunk-vendors.bdcf9ac4.js:239
[  129007ms] [INFO] success callback @ https://cpcontents.adobe.com/fr/public/prime-player/js/chunk-vendors.bdcf9ac4.js:239
[  129007ms] [INFO] success callback @ https://cpcontents.adobe.com/fr/public/prime-player/js/chunk-vendors.bdcf9ac4.js:239
[  129007ms] [INFO] success callback @ https://cpcontents.adobe.com/fr/public/prime-player/js/chunk-vendors.bdcf9ac4.js:239
[  129007ms] [INFO] success callback @ https://cpcontents.adobe.com/fr/public/prime-player/js/chunk-vendors.bdcf9ac4.js:239
[  129007ms] [INFO] success callback @ https://cpcontents.adobe.com/fr/public/prime-player/js/chunk-vendors.bdcf9ac4.js:239
[  129007ms] [INFO] success callback @ https://cpcontents.adobe.com/fr/public/prime-player/js/chunk-vendors.bdcf9ac4.js:239
[  129007ms] [INFO] success callback @ https://cpcontents.adobe.com/fr/public/prime-player/js/chunk-vendors.bdcf9ac4.js:239
[  129007ms] [INFO] success callback @ https://cpcontents.adobe.com/fr/public/prime-player/js/chunk-vendors.bdcf9ac4.js:239
[  129007ms] [INFO] success callback @ https://cpcontents.adobe.com/fr/public/prime-player/js/chunk-vendors.bdcf9ac4.js:239
[  129007ms] [INFO] success callback @ https://cpcontents.adobe.com/fr/public/prime-player/js/chunk-vendors.bdcf9ac4.js:239
[  129007ms] [INFO] success callback @ https://cpcontents.adobe.com/fr/public/prime-player/js/chunk-vendors.bdcf9ac4.js:239
[  129007ms] [INFO] success callback @ https://cpcontents.adobe.com/fr/public/prime-player/js/chunk-vendors.bdcf9ac4.js:239
[  133796ms] [LOG] flushStatementQueue called. There are 0 statements to be flushed. @ https://cpcontents.adobe.com/fr/public/prime-player/js/app.b6cc27fc.js:0
[  143786ms] [LOG] flushStatementQueue called. There are 0 statements to be flushed. @ https://cpcontents.adobe.com/fr/public/prime-player/js/app.b6cc27fc.js:0
[  144808ms] [LOG] flushStatementQueue called. There are 1 statements to be flushed. @ https://cpcontents.adobe.com/fr/public/prime-player/js/app.b6cc27fc.js:0
[  145015ms] [INFO] success callback @ https://cpcontents.adobe.com/fr/public/prime-player/js/chunk-vendors.bdcf9ac4.js:239
[  145015ms] [INFO] success callback @ https://cpcontents.adobe.com/fr/public/prime-player/js/chunk-vendors.bdcf9ac4.js:239
[  145015ms] [INFO] success callback @ https://cpcontents.adobe.com/fr/public/prime-player/js/chunk-vendors.bdcf9ac4.js:239
[  145015ms] [INFO] success callback @ https://cpcontents.adobe.com/fr/public/prime-player/js/chunk-vendors.bdcf9ac4.js:239
[  145015ms] [INFO] success callback @ https://cpcontents.adobe.com/fr/public/prime-player/js/chunk-vendors.bdcf9ac4.js:239
[  145015ms] [INFO] success callback @ https://cpcontents.adobe.com/fr/public/prime-player/js/chunk-vendors.bdcf9ac4.js:239
[  145015ms] [INFO] success callback @ https://cpcontents.adobe.com/fr/public/prime-player/js/chunk-vendors.bdcf9ac4.js:239
[  145015ms] [INFO] success callback @ https://cpcontents.adobe.com/fr/public/prime-player/js/chunk-vendors.bdcf9ac4.js:239
[  145015ms] [INFO] success callback @ https://cpcontents.adobe.com/fr/public/prime-player/js/chunk-vendors.bdcf9ac4.js:239
[  145015ms] [INFO] success callback @ https://cpcontents.adobe.com/fr/public/prime-player/js/chunk-vendors.bdcf9ac4.js:239
[  145015ms] [INFO] success callback @ https://cpcontents.adobe.com/fr/public/prime-player/js/chunk-vendors.bdcf9ac4.js:239
[  145015ms] [INFO] success callback @ https://cpcontents.adobe.com/fr/public/prime-player/js/chunk-vendors.bdcf9ac4.js:239
[  145015ms] [INFO] success callback @ https://cpcontents.adobe.com/fr/public/prime-player/js/chunk-vendors.bdcf9ac4.js:239
[  145015ms] [INFO] success callback @ https://cpcontents.adobe.com/fr/public/prime-player/js/chunk-vendors.bdcf9ac4.js:239
[  145016ms] [INFO] success callback @ https://cpcontents.adobe.com/fr/public/prime-player/js/chunk-vendors.bdcf9ac4.js:239
[  145016ms] [INFO] success callback @ https://cpcontents.adobe.com/fr/public/prime-player/js/chunk-vendors.bdcf9ac4.js:239
[  153786ms] [LOG] flushStatementQueue called. There are 0 statements to be flushed. @ https://cpcontents.adobe.com/fr/public/prime-player/js/app.b6cc27fc.js:0
[  163794ms] [LOG] flushStatementQueue called. There are 0 statements to be flushed. @ https://cpcontents.adobe.com/fr/public/prime-player/js/app.b6cc27fc.js:0
[  164810ms] [LOG] flushStatementQueue called. There are 1 statements to be flushed. @ https://cpcontents.adobe.com/fr/public/prime-player/js/app.b6cc27fc.js:0
[  165018ms] [INFO] success callback @ https://cpcontents.adobe.com/fr/public/prime-player/js/chunk-vendors.bdcf9ac4.js:239
[  165018ms] [INFO] success callback @ https://cpcontents.adobe.com/fr/public/prime-player/js/chunk-vendors.bdcf9ac4.js:239
[  165018ms] [INFO] success callback @ https://cpcontents.adobe.com/fr/public/prime-player/js/chunk-vendors.bdcf9ac4.js:239
[  165018ms] [INFO] success callback @ https://cpcontents.adobe.com/fr/public/prime-player/js/chunk-vendors.bdcf9ac4.js:239
[  165019ms] [INFO] success callback @ https://cpcontents.adobe.com/fr/public/prime-player/js/chunk-vendors.bdcf9ac4.js:239
[  165019ms] [INFO] success callback @ https://cpcontents.adobe.com/fr/public/prime-player/js/chunk-vendors.bdcf9ac4.js:239
[  165019ms] [INFO] success callback @ https://cpcontents.adobe.com/fr/public/prime-player/js/chunk-vendors.bdcf9ac4.js:239
[  165019ms] [INFO] success callback @ https://cpcontents.adobe.com/fr/public/prime-player/js/chunk-vendors.bdcf9ac4.js:239
[  165019ms] [INFO] success callback @ https://cpcontents.adobe.com/fr/public/prime-player/js/chunk-vendors.bdcf9ac4.js:239
[  165019ms] [INFO] success callback @ https://cpcontents.adobe.com/fr/public/prime-player/js/chunk-vendors.bdcf9ac4.js:239
[  165019ms] [INFO] success callback @ https://cpcontents.adobe.com/fr/public/prime-player/js/chunk-vendors.bdcf9ac4.js:239
[  165019ms] [INFO] success callback @ https://cpcontents.adobe.com/fr/public/prime-player/js/chunk-vendors.bdcf9ac4.js:239
[  165019ms] [INFO] success callback @ https://cpcontents.adobe.com/fr/public/prime-player/js/chunk-vendors.bdcf9ac4.js:239
[  165019ms] [INFO] success callback @ https://cpcontents.adobe.com/fr/public/prime-player/js/chunk-vendors.bdcf9ac4.js:239
[  165019ms] [INFO] success callback @ https://cpcontents.adobe.com/fr/public/prime-player/js/chunk-vendors.bdcf9ac4.js:239
[  165019ms] [INFO] success callback @ https://cpcontents.adobe.com/fr/public/prime-player/js/chunk-vendors.bdcf9ac4.js:239
[  173795ms] [LOG] flushStatementQueue called. There are 0 statements to be flushed. @ https://cpcontents.adobe.com/fr/public/prime-player/js/app.b6cc27fc.js:0
[  183796ms] [LOG] flushStatementQueue called. There are 0 statements to be flushed. @ https://cpcontents.adobe.com/fr/public/prime-player/js/app.b6cc27fc.js:0
[  184784ms] [LOG] flushStatementQueue called. There are 1 statements to be flushed. @ https://cpcontents.adobe.com/fr/public/prime-player/js/app.b6cc27fc.js:0
[  184812ms] [LOG] flushStatementQueue called. There are 1 statements to be flushed. @ https://cpcontents.adobe.com/fr/public/prime-player/js/app.b6cc27fc.js:0
[  185020ms] [INFO] success callback @ https://cpcontents.adobe.com/fr/public/prime-player/js/chunk-vendors.bdcf9ac4.js:239
[  185020ms] [INFO] success callback @ https://cpcontents.adobe.com/fr/public/prime-player/js/chunk-vendors.bdcf9ac4.js:239
[  185020ms] [INFO] success callback @ https://cpcontents.adobe.com/fr/public/prime-player/js/chunk-vendors.bdcf9ac4.js:239
[  185020ms] [INFO] success callback @ https://cpcontents.adobe.com/fr/public/prime-player/js/chunk-vendors.bdcf9ac4.js:239
[  185020ms] [INFO] success callback @ https://cpcontents.adobe.com/fr/public/prime-player/js/chunk-vendors.bdcf9ac4.js:239
[  185020ms] [INFO] success callback @ https://cpcontents.adobe.com/fr/public/prime-player/js/chunk-vendors.bdcf9ac4.js:239
[  185020ms] [INFO] success callback @ https://cpcontents.adobe.com/fr/public/prime-player/js/chunk-vendors.bdcf9ac4.js:239
[  185020ms] [INFO] success callback @ https://cpcontents.adobe.com/fr/public/prime-player/js/chunk-vendors.bdcf9ac4.js:239
[  185020ms] [INFO] success callback @ https://cpcontents.adobe.com/fr/public/prime-player/js/chunk-vendors.bdcf9ac4.js:239
[  185020ms] [INFO] success callback @ https://cpcontents.adobe.com/fr/public/prime-player/js/chunk-vendors.bdcf9ac4.js:239
[  185020ms] [INFO] success callback @ https://cpcontents.adobe.com/fr/public/prime-player/js/chunk-vendors.bdcf9ac4.js:239
[  185021ms] [INFO] success callback @ https://cpcontents.adobe.com/fr/public/prime-player/js/chunk-vendors.bdcf9ac4.js:239
[  185021ms] [INFO] success callback @ https://cpcontents.adobe.com/fr/public/prime-player/js/chunk-vendors.bdcf9ac4.js:239
[  185021ms] [INFO] success callback @ https://cpcontents.adobe.com/fr/public/prime-player/js/chunk-vendors.bdcf9ac4.js:239
[  185021ms] [INFO] success callback @ https://cpcontents.adobe.com/fr/public/prime-player/js/chunk-vendors.bdcf9ac4.js:239
[  185021ms] [INFO] success callback @ https://cpcontents.adobe.com/fr/public/prime-player/js/chunk-vendors.bdcf9ac4.js:239
[  188800ms] [LOG] flushStatementQueue called. There are 1 statements to be flushed. @ https://cpcontents.adobe.com/fr/public/prime-player/js/app.b6cc27fc.js:0
[  189012ms] [INFO] success callback @ https://cpcontents.adobe.com/fr/public/prime-player/js/chunk-vendors.bdcf9ac4.js:239
[  189012ms] [INFO] success callback @ https://cpcontents.adobe.com/fr/public/prime-player/js/chunk-vendors.bdcf9ac4.js:239
[  189012ms] [INFO] success callback @ https://cpcontents.adobe.com/fr/public/prime-player/js/chunk-vendors.bdcf9ac4.js:239
[  189012ms] [INFO] success callback @ https://cpcontents.adobe.com/fr/public/prime-player/js/chunk-vendors.bdcf9ac4.js:239
[  189012ms] [INFO] success callback @ https://cpcontents.adobe.com/fr/public/prime-player/js/chunk-vendors.bdcf9ac4.js:239
[  189012ms] [INFO] success callback @ https://cpcontents.adobe.com/fr/public/prime-player/js/chunk-vendors.bdcf9ac4.js:239
[  189012ms] [INFO] success callback @ https://cpcontents.adobe.com/fr/public/prime-player/js/chunk-vendors.bdcf9ac4.js:239
[  189012ms] [INFO] success callback @ https://cpcontents.adobe.com/fr/public/prime-player/js/chunk-vendors.bdcf9ac4.js:239
[  189012ms] [INFO] success callback @ https://cpcontents.adobe.com/fr/public/prime-player/js/chunk-vendors.bdcf9ac4.js:239
[  189012ms] [INFO] success callback @ https://cpcontents.adobe.com/fr/public/prime-player/js/chunk-vendors.bdcf9ac4.js:239
[  189012ms] [INFO] success callback @ https://cpcontents.adobe.com/fr/public/prime-player/js/chunk-vendors.bdcf9ac4.js:239
[  189012ms] [INFO] success callback @ https://cpcontents.adobe.com/fr/public/prime-player/js/chunk-vendors.bdcf9ac4.js:239
[  189012ms] [INFO] success callback @ https://cpcontents.adobe.com/fr/public/prime-player/js/chunk-vendors.bdcf9ac4.js:239
[  189012ms] [INFO] success callback @ https://cpcontents.adobe.com/fr/public/prime-player/js/chunk-vendors.bdcf9ac4.js:239
[  189012ms] [INFO] success callback @ https://cpcontents.adobe.com/fr/public/prime-player/js/chunk-vendors.bdcf9ac4.js:239
[  189012ms] [INFO] success callback @ https://cpcontents.adobe.com/fr/public/prime-player/js/chunk-vendors.bdcf9ac4.js:239
[  193786ms] [LOG] flushStatementQueue called. There are 0 statements to be flushed. @ https://cpcontents.adobe.com/fr/public/prime-player/js/app.b6cc27fc.js:0
