[       7ms] [LOG] rcvd close msg @ https://cpcontents.adobe.com/fr/public/prime-player/js/app.b6cc27fc.js:0
[      17ms] [LOG] flushStatementQueue called. There are 1 statements to be flushed. @ https://cpcontents.adobe.com/fr/public/prime-player/js/app.b6cc27fc.js:0
[      32ms] [LOG] flushStatementQueue called. There are 1 statements to be flushed. @ https://cpcontents.adobe.com/fr/public/prime-player/js/app.b6cc27fc.js:0
[      33ms] [ERROR] Ajax error occured for  https://learningmanagerfr.adobe.com//primeapi/v2/users/22269687/moduleReset?loId=course:4059000&loResourceId=course:4059000_4630795_9267217_1&i_qp_reset=false&i_qp_started_time=1784215279&close=true&access_token=e29ce9452090c2a24ae8607206c678c9 GET @ https://cpcontents.adobe.com/fr/public/prime-player/js/app.b6cc27fc.js:0
[      35ms] [LOG] Worker: Received {"command":"failedApi","value":"{\"url\":\"https://learningmanagerfr.adobe.com//primeapi/v2/users/22269687/moduleReset?loId=course:4059000&loResourceId=course:4059000_4630795_9267217_1&i_qp_reset=false&i_qp_started_time=1784215279&close=true&access_token=e29ce9452090c2a24ae8607206c678c9\",\"type\":\"GET\",\"isLocal\":false,\"global\":true,\"processData\":false,\"async\":false,\"contentType\":\"application/json;charset=UTF-8\",\"accepts\":{\"*\":\"*/*\",\"text\":\"text/plain\",\"html\":\"text/html\",\"xml\":\"application/xml, text/xml\",\"json\":\"application/json, text/javascript\",\"script\":\"text/javascript, application/javascript, application/ecmascript, application/x-ecmascript\"},\"contents\":{\"xml\":{},\"html\":{},\"json\":{},\"script\":false},\"responseFields\":{\"xml\":\"responseXML\",\"text\":\"responseText\",\"json\":\"responseJSON\"},\"converters\":{\"text html\":true},\"flatOptions\":{\"url\":true,\"context\":true},\"jsonp\":\"callback\",\"dataType\":\"json\",\"xhrFields\":{\"withCredentials\":true},\"crossDomain\":true,\"dataTypes\":[\"json\"],\"hasContent\":false}"} @ https://cpcontents.adobe.com/fr/public/prime-player/js/app.b6cc27fc.js:0
[      44ms] [LOG] Worker: Successfully stored failed api https://learningmanagerfr.adobe.com//primeapi/v2/users/22269687/moduleReset?loId=course:4059000&loResourceId=course:4059000_4630795_9267217_1&i_qp_reset=false&i_qp_started_time=1784215279&close=true&access_token=e29ce9452090c2a24ae8607206c678c9 @ https://cpcontents.adobe.com/fr/public/prime-player/js/app.b6cc27fc.js:0
[     229ms] [INFO] success callback @ https://cpcontents.adobe.com/fr/public/prime-player/js/chunk-vendors.bdcf9ac4.js:239
[     229ms] [INFO] success callback @ https://cpcontents.adobe.com/fr/public/prime-player/js/chunk-vendors.bdcf9ac4.js:239
[     229ms] [INFO] success callback @ https://cpcontents.adobe.com/fr/public/prime-player/js/chunk-vendors.bdcf9ac4.js:239
[     229ms] [INFO] success callback @ https://cpcontents.adobe.com/fr/public/prime-player/js/chunk-vendors.bdcf9ac4.js:239
[     229ms] [INFO] success callback @ https://cpcontents.adobe.com/fr/public/prime-player/js/chunk-vendors.bdcf9ac4.js:239
[     229ms] [INFO] success callback @ https://cpcontents.adobe.com/fr/public/prime-player/js/chunk-vendors.bdcf9ac4.js:239
[     229ms] [INFO] success callback @ https://cpcontents.adobe.com/fr/public/prime-player/js/chunk-vendors.bdcf9ac4.js:239
[     229ms] [INFO] success callback @ https://cpcontents.adobe.com/fr/public/prime-player/js/chunk-vendors.bdcf9ac4.js:239
[     229ms] [INFO] success callback @ https://cpcontents.adobe.com/fr/public/prime-player/js/chunk-vendors.bdcf9ac4.js:239
[     230ms] [INFO] success callback @ https://cpcontents.adobe.com/fr/public/prime-player/js/chunk-vendors.bdcf9ac4.js:239
[     230ms] [INFO] success callback @ https://cpcontents.adobe.com/fr/public/prime-player/js/chunk-vendors.bdcf9ac4.js:239
[     230ms] [INFO] success callback @ https://cpcontents.adobe.com/fr/public/prime-player/js/chunk-vendors.bdcf9ac4.js:239
[     230ms] [INFO] success callback @ https://cpcontents.adobe.com/fr/public/prime-player/js/chunk-vendors.bdcf9ac4.js:239
[     230ms] [INFO] success callback @ https://cpcontents.adobe.com/fr/public/prime-player/js/chunk-vendors.bdcf9ac4.js:239
[     230ms] [INFO] success callback @ https://cpcontents.adobe.com/fr/public/prime-player/js/chunk-vendors.bdcf9ac4.js:239
[     230ms] [INFO] success callback @ https://cpcontents.adobe.com/fr/public/prime-player/js/chunk-vendors.bdcf9ac4.js:239
[     235ms] [LOG] player closed !! @ https://cpcontents.adobe.com/fr/public/prime-player/js/app.b6cc27fc.js:0
[     236ms] [LOG] rcvd close msg @ https://cpcontents.adobe.com/fr/public/prime-player/js/app.b6cc27fc.js:0
[     240ms] [LOG] pagehide PageTransitionEvent @ https://cpcontents.adobe.com/fr/public/prime-player/js/app.b6cc27fc.js:0
[     240ms] [LOG] Unload Event @ https://cpcontents.adobe.com/fr/public/prime-player/js/app.b6cc27fc.js:0
