[    5590ms] [LOG] flushStatementQueue called. There are 0 statements to be flushed. @ https://cpcontents.adobe.com/fr/public/prime-player/js/app.b6cc27fc.js:0
[    6602ms] [LOG] flushStatementQueue called. There are 1 statements to be flushed. @ https://cpcontents.adobe.com/fr/public/prime-player/js/app.b6cc27fc.js:0
[    6622ms] [LOG] flushStatementQueue called. There are 1 statements to be flushed. @ https://cpcontents.adobe.com/fr/public/prime-player/js/app.b6cc27fc.js:0
[    6816ms] [INFO] success callback @ https://cpcontents.adobe.com/fr/public/prime-player/js/chunk-vendors.bdcf9ac4.js:239
[    6816ms] [INFO] success callback @ https://cpcontents.adobe.com/fr/public/prime-player/js/chunk-vendors.bdcf9ac4.js:239
[    6816ms] [INFO] success callback @ https://cpcontents.adobe.com/fr/public/prime-player/js/chunk-vendors.bdcf9ac4.js:239
[    6816ms] [INFO] success callback @ https://cpcontents.adobe.com/fr/public/prime-player/js/chunk-vendors.bdcf9ac4.js:239
[    6816ms] [INFO] success callback @ https://cpcontents.adobe.com/fr/public/prime-player/js/chunk-vendors.bdcf9ac4.js:239
[    6816ms] [INFO] success callback @ https://cpcontents.adobe.com/fr/public/prime-player/js/chunk-vendors.bdcf9ac4.js:239
[    6816ms] [INFO] success callback @ https://cpcontents.adobe.com/fr/public/prime-player/js/chunk-vendors.bdcf9ac4.js:239
[    6816ms] [INFO] success callback @ https://cpcontents.adobe.com/fr/public/prime-player/js/chunk-vendors.bdcf9ac4.js:239
[    6817ms] [INFO] success callback @ https://cpcontents.adobe.com/fr/public/prime-player/js/chunk-vendors.bdcf9ac4.js:239
[    6817ms] [INFO] success callback @ https://cpcontents.adobe.com/fr/public/prime-player/js/chunk-vendors.bdcf9ac4.js:239
[    6817ms] [INFO] success callback @ https://cpcontents.adobe.com/fr/public/prime-player/js/chunk-vendors.bdcf9ac4.js:239
[    6817ms] [INFO] success callback @ https://cpcontents.adobe.com/fr/public/prime-player/js/chunk-vendors.bdcf9ac4.js:239
[    6817ms] [INFO] success callback @ https://cpcontents.adobe.com/fr/public/prime-player/js/chunk-vendors.bdcf9ac4.js:239
[    6817ms] [INFO] success callback @ https://cpcontents.adobe.com/fr/public/prime-player/js/chunk-vendors.bdcf9ac4.js:239
[    6817ms] [INFO] success callback @ https://cpcontents.adobe.com/fr/public/prime-player/js/chunk-vendors.bdcf9ac4.js:239
[    6817ms] [INFO] success callback @ https://cpcontents.adobe.com/fr/public/prime-player/js/chunk-vendors.bdcf9ac4.js:239
[   15589ms] [LOG] flushStatementQueue called. There are 0 statements to be flushed. @ https://cpcontents.adobe.com/fr/public/prime-player/js/app.b6cc27fc.js:0
[   25601ms] [LOG] flushStatementQueue called. There are 0 statements to be flushed. @ https://cpcontents.adobe.com/fr/public/prime-player/js/app.b6cc27fc.js:0
[   26626ms] [LOG] flushStatementQueue called. There are 0 statements to be flushed. @ https://cpcontents.adobe.com/fr/public/prime-player/js/app.b6cc27fc.js:0
[   35599ms] [LOG] flushStatementQueue called. There are 0 statements to be flushed. @ https://cpcontents.adobe.com/fr/public/prime-player/js/app.b6cc27fc.js:0
[   45595ms] [LOG] flushStatementQueue called. There are 0 statements to be flushed. @ https://cpcontents.adobe.com/fr/public/prime-player/js/app.b6cc27fc.js:0
[   46617ms] [LOG] flushStatementQueue called. There are 0 statements to be flushed. @ https://cpcontents.adobe.com/fr/public/prime-player/js/app.b6cc27fc.js:0
[   55600ms] [LOG] flushStatementQueue called. There are 0 statements to be flushed. @ https://cpcontents.adobe.com/fr/public/prime-player/js/app.b6cc27fc.js:0
[   65589ms] [LOG] flushStatementQueue called. There are 0 statements to be flushed. @ https://cpcontents.adobe.com/fr/public/prime-player/js/app.b6cc27fc.js:0
[   66602ms] [LOG] flushStatementQueue called. There are 1 statements to be flushed. @ https://cpcontents.adobe.com/fr/public/prime-player/js/app.b6cc27fc.js:0
[   66623ms] [LOG] flushStatementQueue called. There are 1 statements to be flushed. @ https://cpcontents.adobe.com/fr/public/prime-player/js/app.b6cc27fc.js:0
[   66807ms] [INFO] success callback @ https://cpcontents.adobe.com/fr/public/prime-player/js/chunk-vendors.bdcf9ac4.js:239
[   66807ms] [INFO] success callback @ https://cpcontents.adobe.com/fr/public/prime-player/js/chunk-vendors.bdcf9ac4.js:239
[   66807ms] [INFO] success callback @ https://cpcontents.adobe.com/fr/public/prime-player/js/chunk-vendors.bdcf9ac4.js:239
[   66807ms] [INFO] success callback @ https://cpcontents.adobe.com/fr/public/prime-player/js/chunk-vendors.bdcf9ac4.js:239
[   66808ms] [INFO] success callback @ https://cpcontents.adobe.com/fr/public/prime-player/js/chunk-vendors.bdcf9ac4.js:239
[   66808ms] [INFO] success callback @ https://cpcontents.adobe.com/fr/public/prime-player/js/chunk-vendors.bdcf9ac4.js:239
[   66808ms] [INFO] success callback @ https://cpcontents.adobe.com/fr/public/prime-player/js/chunk-vendors.bdcf9ac4.js:239
[   66808ms] [INFO] success callback @ https://cpcontents.adobe.com/fr/public/prime-player/js/chunk-vendors.bdcf9ac4.js:239
[   66808ms] [INFO] success callback @ https://cpcontents.adobe.com/fr/public/prime-player/js/chunk-vendors.bdcf9ac4.js:239
[   66808ms] [INFO] success callback @ https://cpcontents.adobe.com/fr/public/prime-player/js/chunk-vendors.bdcf9ac4.js:239
[   66808ms] [INFO] success callback @ https://cpcontents.adobe.com/fr/public/prime-player/js/chunk-vendors.bdcf9ac4.js:239
[   66808ms] [INFO] success callback @ https://cpcontents.adobe.com/fr/public/prime-player/js/chunk-vendors.bdcf9ac4.js:239
[   66808ms] [INFO] success callback @ https://cpcontents.adobe.com/fr/public/prime-player/js/chunk-vendors.bdcf9ac4.js:239
[   66808ms] [INFO] success callback @ https://cpcontents.adobe.com/fr/public/prime-player/js/chunk-vendors.bdcf9ac4.js:239
[   66808ms] [INFO] success callback @ https://cpcontents.adobe.com/fr/public/prime-player/js/chunk-vendors.bdcf9ac4.js:239
[   66808ms] [INFO] success callback @ https://cpcontents.adobe.com/fr/public/prime-player/js/chunk-vendors.bdcf9ac4.js:239
[   75594ms] [LOG] flushStatementQueue called. There are 0 statements to be flushed. @ https://cpcontents.adobe.com/fr/public/prime-player/js/app.b6cc27fc.js:0
[   85602ms] [LOG] flushStatementQueue called. There are 0 statements to be flushed. @ https://cpcontents.adobe.com/fr/public/prime-player/js/app.b6cc27fc.js:0
[   86622ms] [LOG] flushStatementQueue called. There are 0 statements to be flushed. @ https://cpcontents.adobe.com/fr/public/prime-player/js/app.b6cc27fc.js:0
[   95593ms] [LOG] flushStatementQueue called. There are 0 statements to be flushed. @ https://cpcontents.adobe.com/fr/public/prime-player/js/app.b6cc27fc.js:0
[  105588ms] [LOG] flushStatementQueue called. There are 0 statements to be flushed. @ https://cpcontents.adobe.com/fr/public/prime-player/js/app.b6cc27fc.js:0
[  106620ms] [LOG] flushStatementQueue called. There are 0 statements to be flushed. @ https://cpcontents.adobe.com/fr/public/prime-player/js/app.b6cc27fc.js:0
[  115596ms] [LOG] flushStatementQueue called. There are 0 statements to be flushed. @ https://cpcontents.adobe.com/fr/public/prime-player/js/app.b6cc27fc.js:0
[  125597ms] [LOG] flushStatementQueue called. There are 0 statements to be flushed. @ https://cpcontents.adobe.com/fr/public/prime-player/js/app.b6cc27fc.js:0
[  126612ms] [LOG] flushStatementQueue called. There are 1 statements to be flushed. @ https://cpcontents.adobe.com/fr/public/prime-player/js/app.b6cc27fc.js:0
[  126620ms] [LOG] flushStatementQueue called. There are 1 statements to be flushed. @ https://cpcontents.adobe.com/fr/public/prime-player/js/app.b6cc27fc.js:0
[  126840ms] [INFO] success callback @ https://cpcontents.adobe.com/fr/public/prime-player/js/chunk-vendors.bdcf9ac4.js:239
[  126840ms] [INFO] success callback @ https://cpcontents.adobe.com/fr/public/prime-player/js/chunk-vendors.bdcf9ac4.js:239
[  126840ms] [INFO] success callback @ https://cpcontents.adobe.com/fr/public/prime-player/js/chunk-vendors.bdcf9ac4.js:239
[  126841ms] [INFO] success callback @ https://cpcontents.adobe.com/fr/public/prime-player/js/chunk-vendors.bdcf9ac4.js:239
[  126841ms] [INFO] success callback @ https://cpcontents.adobe.com/fr/public/prime-player/js/chunk-vendors.bdcf9ac4.js:239
[  126841ms] [INFO] success callback @ https://cpcontents.adobe.com/fr/public/prime-player/js/chunk-vendors.bdcf9ac4.js:239
[  126841ms] [INFO] success callback @ https://cpcontents.adobe.com/fr/public/prime-player/js/chunk-vendors.bdcf9ac4.js:239
[  126841ms] [INFO] success callback @ https://cpcontents.adobe.com/fr/public/prime-player/js/chunk-vendors.bdcf9ac4.js:239
[  126841ms] [INFO] success callback @ https://cpcontents.adobe.com/fr/public/prime-player/js/chunk-vendors.bdcf9ac4.js:239
[  126841ms] [INFO] success callback @ https://cpcontents.adobe.com/fr/public/prime-player/js/chunk-vendors.bdcf9ac4.js:239
[  126841ms] [INFO] success callback @ https://cpcontents.adobe.com/fr/public/prime-player/js/chunk-vendors.bdcf9ac4.js:239
[  126841ms] [INFO] success callback @ https://cpcontents.adobe.com/fr/public/prime-player/js/chunk-vendors.bdcf9ac4.js:239
[  126841ms] [INFO] success callback @ https://cpcontents.adobe.com/fr/public/prime-player/js/chunk-vendors.bdcf9ac4.js:239
[  126841ms] [INFO] success callback @ https://cpcontents.adobe.com/fr/public/prime-player/js/chunk-vendors.bdcf9ac4.js:239
[  126841ms] [INFO] success callback @ https://cpcontents.adobe.com/fr/public/prime-player/js/chunk-vendors.bdcf9ac4.js:239
[  126841ms] [INFO] success callback @ https://cpcontents.adobe.com/fr/public/prime-player/js/chunk-vendors.bdcf9ac4.js:239
[  135597ms] [LOG] flushStatementQueue called. There are 0 statements to be flushed. @ https://cpcontents.adobe.com/fr/public/prime-player/js/app.b6cc27fc.js:0
[  145601ms] [LOG] flushStatementQueue called. There are 0 statements to be flushed. @ https://cpcontents.adobe.com/fr/public/prime-player/js/app.b6cc27fc.js:0
[  146626ms] [LOG] flushStatementQueue called. There are 0 statements to be flushed. @ https://cpcontents.adobe.com/fr/public/prime-player/js/app.b6cc27fc.js:0
[  155595ms] [LOG] flushStatementQueue called. There are 0 statements to be flushed. @ https://cpcontents.adobe.com/fr/public/prime-player/js/app.b6cc27fc.js:0
[  165597ms] [LOG] flushStatementQueue called. There are 0 statements to be flushed. @ https://cpcontents.adobe.com/fr/public/prime-player/js/app.b6cc27fc.js:0
[  166620ms] [LOG] flushStatementQueue called. There are 0 statements to be flushed. @ https://cpcontents.adobe.com/fr/public/prime-player/js/app.b6cc27fc.js:0
[  175603ms] [LOG] flushStatementQueue called. There are 0 statements to be flushed. @ https://cpcontents.adobe.com/fr/public/prime-player/js/app.b6cc27fc.js:0
[  185594ms] [LOG] flushStatementQueue called. There are 0 statements to be flushed. @ https://cpcontents.adobe.com/fr/public/prime-player/js/app.b6cc27fc.js:0
[  186608ms] [LOG] flushStatementQueue called. There are 1 statements to be flushed. @ https://cpcontents.adobe.com/fr/public/prime-player/js/app.b6cc27fc.js:0
[  186615ms] [LOG] flushStatementQueue called. There are 1 statements to be flushed. @ https://cpcontents.adobe.com/fr/public/prime-player/js/app.b6cc27fc.js:0
[  186809ms] [INFO] success callback @ https://cpcontents.adobe.com/fr/public/prime-player/js/chunk-vendors.bdcf9ac4.js:239
[  186809ms] [INFO] success callback @ https://cpcontents.adobe.com/fr/public/prime-player/js/chunk-vendors.bdcf9ac4.js:239
[  186809ms] [INFO] success callback @ https://cpcontents.adobe.com/fr/public/prime-player/js/chunk-vendors.bdcf9ac4.js:239
[  186809ms] [INFO] success callback @ https://cpcontents.adobe.com/fr/public/prime-player/js/chunk-vendors.bdcf9ac4.js:239
[  186809ms] [INFO] success callback @ https://cpcontents.adobe.com/fr/public/prime-player/js/chunk-vendors.bdcf9ac4.js:239
[  186809ms] [INFO] success callback @ https://cpcontents.adobe.com/fr/public/prime-player/js/chunk-vendors.bdcf9ac4.js:239
[  186809ms] [INFO] success callback @ https://cpcontents.adobe.com/fr/public/prime-player/js/chunk-vendors.bdcf9ac4.js:239
[  186810ms] [INFO] success callback @ https://cpcontents.adobe.com/fr/public/prime-player/js/chunk-vendors.bdcf9ac4.js:239
[  186810ms] [INFO] success callback @ https://cpcontents.adobe.com/fr/public/prime-player/js/chunk-vendors.bdcf9ac4.js:239
[  186810ms] [INFO] success callback @ https://cpcontents.adobe.com/fr/public/prime-player/js/chunk-vendors.bdcf9ac4.js:239
[  186810ms] [INFO] success callback @ https://cpcontents.adobe.com/fr/public/prime-player/js/chunk-vendors.bdcf9ac4.js:239
[  186810ms] [INFO] success callback @ https://cpcontents.adobe.com/fr/public/prime-player/js/chunk-vendors.bdcf9ac4.js:239
[  186810ms] [INFO] success callback @ https://cpcontents.adobe.com/fr/public/prime-player/js/chunk-vendors.bdcf9ac4.js:239
[  186810ms] [INFO] success callback @ https://cpcontents.adobe.com/fr/public/prime-player/js/chunk-vendors.bdcf9ac4.js:239
[  186810ms] [INFO] success callback @ https://cpcontents.adobe.com/fr/public/prime-player/js/chunk-vendors.bdcf9ac4.js:239
[  186810ms] [INFO] success callback @ https://cpcontents.adobe.com/fr/public/prime-player/js/chunk-vendors.bdcf9ac4.js:239
[  195602ms] [LOG] flushStatementQueue called. There are 0 statements to be flushed. @ https://cpcontents.adobe.com/fr/public/prime-player/js/app.b6cc27fc.js:0
[  205602ms] [LOG] flushStatementQueue called. There are 0 statements to be flushed. @ https://cpcontents.adobe.com/fr/public/prime-player/js/app.b6cc27fc.js:0
[  206625ms] [LOG] flushStatementQueue called. There are 0 statements to be flushed. @ https://cpcontents.adobe.com/fr/public/prime-player/js/app.b6cc27fc.js:0
[  215589ms] [LOG] flushStatementQueue called. There are 0 statements to be flushed. @ https://cpcontents.adobe.com/fr/public/prime-player/js/app.b6cc27fc.js:0
[  225599ms] [LOG] flushStatementQueue called. There are 0 statements to be flushed. @ https://cpcontents.adobe.com/fr/public/prime-player/js/app.b6cc27fc.js:0
[  226621ms] [LOG] flushStatementQueue called. There are 0 statements to be flushed. @ https://cpcontents.adobe.com/fr/public/prime-player/js/app.b6cc27fc.js:0
[  235602ms] [LOG] flushStatementQueue called. There are 0 statements to be flushed. @ https://cpcontents.adobe.com/fr/public/prime-player/js/app.b6cc27fc.js:0
[  245595ms] [LOG] flushStatementQueue called. There are 0 statements to be flushed. @ https://cpcontents.adobe.com/fr/public/prime-player/js/app.b6cc27fc.js:0
[  246602ms] [LOG] flushStatementQueue called. There are 1 statements to be flushed. @ https://cpcontents.adobe.com/fr/public/prime-player/js/app.b6cc27fc.js:0
[  246622ms] [LOG] flushStatementQueue called. There are 1 statements to be flushed. @ https://cpcontents.adobe.com/fr/public/prime-player/js/app.b6cc27fc.js:0
[  246818ms] [INFO] success callback @ https://cpcontents.adobe.com/fr/public/prime-player/js/chunk-vendors.bdcf9ac4.js:239
[  246818ms] [INFO] success callback @ https://cpcontents.adobe.com/fr/public/prime-player/js/chunk-vendors.bdcf9ac4.js:239
[  246818ms] [INFO] success callback @ https://cpcontents.adobe.com/fr/public/prime-player/js/chunk-vendors.bdcf9ac4.js:239
[  246818ms] [INFO] success callback @ https://cpcontents.adobe.com/fr/public/prime-player/js/chunk-vendors.bdcf9ac4.js:239
[  246818ms] [INFO] success callback @ https://cpcontents.adobe.com/fr/public/prime-player/js/chunk-vendors.bdcf9ac4.js:239
[  246818ms] [INFO] success callback @ https://cpcontents.adobe.com/fr/public/prime-player/js/chunk-vendors.bdcf9ac4.js:239
[  246818ms] [INFO] success callback @ https://cpcontents.adobe.com/fr/public/prime-player/js/chunk-vendors.bdcf9ac4.js:239
[  246818ms] [INFO] success callback @ https://cpcontents.adobe.com/fr/public/prime-player/js/chunk-vendors.bdcf9ac4.js:239
[  246818ms] [INFO] success callback @ https://cpcontents.adobe.com/fr/public/prime-player/js/chunk-vendors.bdcf9ac4.js:239
[  246818ms] [INFO] success callback @ https://cpcontents.adobe.com/fr/public/prime-player/js/chunk-vendors.bdcf9ac4.js:239
[  246818ms] [INFO] success callback @ https://cpcontents.adobe.com/fr/public/prime-player/js/chunk-vendors.bdcf9ac4.js:239
[  246818ms] [INFO] success callback @ https://cpcontents.adobe.com/fr/public/prime-player/js/chunk-vendors.bdcf9ac4.js:239
[  246818ms] [INFO] success callback @ https://cpcontents.adobe.com/fr/public/prime-player/js/chunk-vendors.bdcf9ac4.js:239
[  246819ms] [INFO] success callback @ https://cpcontents.adobe.com/fr/public/prime-player/js/chunk-vendors.bdcf9ac4.js:239
[  246819ms] [INFO] success callback @ https://cpcontents.adobe.com/fr/public/prime-player/js/chunk-vendors.bdcf9ac4.js:239
[  246819ms] [INFO] success callback @ https://cpcontents.adobe.com/fr/public/prime-player/js/chunk-vendors.bdcf9ac4.js:239
[  255595ms] [LOG] flushStatementQueue called. There are 0 statements to be flushed. @ https://cpcontents.adobe.com/fr/public/prime-player/js/app.b6cc27fc.js:0
[ -355192ms] [WARNING] Allow attribute will take precedence over 'allowfullscreen'. @ https://alm.ibm.com/etc.clientlibs/clientlibs/granite/coralui3.lc-128ef7bb116bd33e075784c264c98ea8-lc.min.js:1
[  264926ms] [LOG] Spinner component mounted @ https://cpcontents.adobe.com/fr/public/prime-player/js/app.b6cc27fc.js:0
[  265445ms] [LOG] flushStatementQueue called. There are 1 statements to be flushed. @ https://cpcontents.adobe.com/fr/public/prime-player/js/app.b6cc27fc.js:0
[  265459ms] [LOG] flushStatementQueue called. There are 1 statements to be flushed. @ https://cpcontents.adobe.com/fr/public/prime-player/js/app.b6cc27fc.js:0
[  265465ms] [LOG] rcvd close msg @ https://cpcontents.adobe.com/fr/public/prime-player/js/app.b6cc27fc.js:0
[  265465ms] [LOG] rcvd close msg @ https://cpcontents.adobe.com/fr/public/prime-player/js/app.b6cc27fc.js:0
[  265664ms] [INFO] success callback @ https://cpcontents.adobe.com/fr/public/prime-player/js/chunk-vendors.bdcf9ac4.js:239
[  265665ms] [INFO] success callback @ https://cpcontents.adobe.com/fr/public/prime-player/js/chunk-vendors.bdcf9ac4.js:239
[  265665ms] [INFO] success callback @ https://cpcontents.adobe.com/fr/public/prime-player/js/chunk-vendors.bdcf9ac4.js:239
[  265665ms] [INFO] success callback @ https://cpcontents.adobe.com/fr/public/prime-player/js/chunk-vendors.bdcf9ac4.js:239
[  265665ms] [INFO] success callback @ https://cpcontents.adobe.com/fr/public/prime-player/js/chunk-vendors.bdcf9ac4.js:239
[  265665ms] [INFO] success callback @ https://cpcontents.adobe.com/fr/public/prime-player/js/chunk-vendors.bdcf9ac4.js:239
[  265665ms] [INFO] success callback @ https://cpcontents.adobe.com/fr/public/prime-player/js/chunk-vendors.bdcf9ac4.js:239
[  265665ms] [INFO] success callback @ https://cpcontents.adobe.com/fr/public/prime-player/js/chunk-vendors.bdcf9ac4.js:239
[  265665ms] [INFO] success callback @ https://cpcontents.adobe.com/fr/public/prime-player/js/chunk-vendors.bdcf9ac4.js:239
[  265665ms] [INFO] success callback @ https://cpcontents.adobe.com/fr/public/prime-player/js/chunk-vendors.bdcf9ac4.js:239
[  265665ms] [INFO] success callback @ https://cpcontents.adobe.com/fr/public/prime-player/js/chunk-vendors.bdcf9ac4.js:239
[  265665ms] [INFO] success callback @ https://cpcontents.adobe.com/fr/public/prime-player/js/chunk-vendors.bdcf9ac4.js:239
[  265665ms] [INFO] success callback @ https://cpcontents.adobe.com/fr/public/prime-player/js/chunk-vendors.bdcf9ac4.js:239
[  265665ms] [INFO] success callback @ https://cpcontents.adobe.com/fr/public/prime-player/js/chunk-vendors.bdcf9ac4.js:239
[  265665ms] [INFO] success callback @ https://cpcontents.adobe.com/fr/public/prime-player/js/chunk-vendors.bdcf9ac4.js:239
[  265665ms] [INFO] success callback @ https://cpcontents.adobe.com/fr/public/prime-player/js/chunk-vendors.bdcf9ac4.js:239
[  265665ms] [LOG] flushStatementQueue called. There are 2 statements to be flushed. @ https://cpcontents.adobe.com/fr/public/prime-player/js/app.b6cc27fc.js:0
[  265843ms] [LOG] player closed !! @ https://cpcontents.adobe.com/fr/public/prime-player/js/app.b6cc27fc.js:0
[  265847ms] [WARNING] Scripts may close only the windows that were opened by them. @ https://alm.ibm.com/etc.clientlibs/learning/clientlibs/clientlib-alm.lc-2b310f79c1e81951878a59b5b08e1036-lc.min.js:123
[  265848ms] [LOG] rcvd close msg @ https://cpcontents.adobe.com/fr/public/prime-player/js/app.b6cc27fc.js:0
[  265849ms] [LOG] pagehide PageTransitionEvent @ https://cpcontents.adobe.com/fr/public/prime-player/js/app.b6cc27fc.js:0
[  265849ms] [LOG] Unload Event @ https://cpcontents.adobe.com/fr/public/prime-player/js/app.b6cc27fc.js:0
[  266134ms] [ERROR] Incorrect environment provided prodfr, Must be one of dev/ qe/ stage @ https://cpcontents.adobe.com/fr/public/prime-player/js/app.b6cc27fc.js:0
[  266134ms] [ERROR] Incorrect environment provided , Must be one of dev/ qe/ stage @ https://cpcontents.adobe.com/fr/public/prime-player/js/app.b6cc27fc.js:0
[  266134ms] [ERROR] Incorrect environment provided , Must be one of dev/ qe/ stage @ https://cpcontents.adobe.com/fr/public/prime-player/js/app.b6cc27fc.js:0
[  266135ms] [ERROR] Incorrect hostname provided https://learningmanagerfr.adobe.com, Must be a valid hostname @ https://cpcontents.adobe.com/fr/public/prime-player/js/app.b6cc27fc.js:0
[  266135ms] [ERROR] Incorrect environment provided , Must be one of dev/ qe/ stage @ https://cpcontents.adobe.com/fr/public/prime-player/js/app.b6cc27fc.js:0
[  266135ms] [ERROR] Incorrect environment provided , Must be one of dev/ qe/ stage @ https://cpcontents.adobe.com/fr/public/prime-player/js/app.b6cc27fc.js:0
[  266135ms] [ERROR] Incorrect environment provided , Must be one of dev/ qe/ stage @ https://cpcontents.adobe.com/fr/public/prime-player/js/app.b6cc27fc.js:0
[  266135ms] [ERROR] Incorrect environment provided , Must be one of dev/ qe/ stage @ https://cpcontents.adobe.com/fr/public/prime-player/js/app.b6cc27fc.js:0
[  266403ms] [LOG] app.vue @ https://cpcontents.adobe.com/fr/public/prime-player/js/app.b6cc27fc.js:0
[  266403ms] [ERROR] Incorrect environment provided , Must be one of dev/ qe/ stage @ https://cpcontents.adobe.com/fr/public/prime-player/js/app.b6cc27fc.js:0
[  266403ms] [ERROR] Incorrect environment provided , Must be one of dev/ qe/ stage @ https://cpcontents.adobe.com/fr/public/prime-player/js/app.b6cc27fc.js:0
[  266403ms] [ERROR] Incorrect environment provided , Must be one of dev/ qe/ stage @ https://cpcontents.adobe.com/fr/public/prime-player/js/app.b6cc27fc.js:0
[  266404ms] [ERROR] Incorrect hostname provided https://learningmanagerfr.adobe.com, Must be a valid hostname @ https://cpcontents.adobe.com/fr/public/prime-player/js/app.b6cc27fc.js:0
[  266404ms] [ERROR] Incorrect environment provided , Must be one of dev/ qe/ stage @ https://cpcontents.adobe.com/fr/public/prime-player/js/app.b6cc27fc.js:0
[  266404ms] [ERROR] Incorrect environment provided , Must be one of dev/ qe/ stage @ https://cpcontents.adobe.com/fr/public/prime-player/js/app.b6cc27fc.js:0
[  266404ms] [ERROR] Incorrect environment provided , Must be one of dev/ qe/ stage @ https://cpcontents.adobe.com/fr/public/prime-player/js/app.b6cc27fc.js:0
[  266404ms] [ERROR] Incorrect environment provided , Must be one of dev/ qe/ stage @ https://cpcontents.adobe.com/fr/public/prime-player/js/app.b6cc27fc.js:0
[  266404ms] [LOG] App player parameters read @ https://cpcontents.adobe.com/fr/public/prime-player/js/app.b6cc27fc.js:0
[  266404ms] [LOG] Syncing Params @ https://cpcontents.adobe.com/fr/public/prime-player/js/app.b6cc27fc.js:0
[  266404ms] [LOG] {loId: course:4059000, instanceId: , moduleId: , serverApiEndpoint: https://learningmanagerfr.adobe.com/, userId: } @ https://cpcontents.adobe.com/fr/public/prime-player/js/app.b6cc27fc.js:0
[  266408ms] [LOG] attaching event listeners @ https://cpcontents.adobe.com/fr/public/prime-player/js/app.b6cc27fc.js:0
[  266410ms] [LOG] IndexComponent created @ https://cpcontents.adobe.com/fr/public/prime-player/js/app.b6cc27fc.js:0
[  266411ms] [LOG] format here @ https://cpcontents.adobe.com/fr/public/prime-player/js/app.b6cc27fc.js:0
[  266413ms] [LOG] courseNamePanel created @ https://cpcontents.adobe.com/fr/public/prime-player/js/app.b6cc27fc.js:0
[  266415ms] [LOG] >>>>>>> panelRef watch null @ https://cpcontents.adobe.com/fr/public/prime-player/js/app.b6cc27fc.js:0
[  266417ms] [LOG] Reporting loaded @ https://cpcontents.adobe.com/fr/public/prime-player/js/app.b6cc27fc.js:0
[  266417ms] [LOG] CourseNamePanel null @ https://cpcontents.adobe.com/fr/public/prime-player/js/app.b6cc27fc.js:0
[  266418ms] [LOG] pulloutcomp mounted @ https://cpcontents.adobe.com/fr/public/prime-player/js/app.b6cc27fc.js:0
[  266418ms] [LOG] BottomPanel mounted @ https://cpcontents.adobe.com/fr/public/prime-player/js/app.b6cc27fc.js:0
[  266418ms] [LOG] WebUI loaded @ https://cpcontents.adobe.com/fr/public/prime-player/js/app.b6cc27fc.js:0
[  266419ms] [LOG] Mounted  of index component  Proxy(Object) Proxy(Object) @ https://cpcontents.adobe.com/fr/public/prime-player/js/app.b6cc27fc.js:0
[  266419ms] [LOG] Inserted playerlayout view @ https://cpcontents.adobe.com/fr/public/prime-player/js/app.b6cc27fc.js:0
[  266420ms] [LOG] Error component @ https://cpcontents.adobe.com/fr/public/prime-player/js/app.b6cc27fc.js:0
[  266421ms] [LOG] Configure Quality component @ https://cpcontents.adobe.com/fr/public/prime-player/js/app.b6cc27fc.js:0
[  266428ms] [LOG] tocPanelOpener created @ https://cpcontents.adobe.com/fr/public/prime-player/js/app.b6cc27fc.js:0
[  266429ms] [LOG] FullScreen created @ https://cpcontents.adobe.com/fr/public/prime-player/js/app.b6cc27fc.js:0
[  266431ms] [LOG] here after render @ https://cpcontents.adobe.com/fr/public/prime-player/js/app.b6cc27fc.js:0
[  266432ms] [LOG] tocPanelOpener mounted @ https://cpcontents.adobe.com/fr/public/prime-player/js/app.b6cc27fc.js:0
[  266433ms] [LOG] NotesPanelOpener mounted @ https://cpcontents.adobe.com/fr/public/prime-player/js/app.b6cc27fc.js:0
[  266433ms] [LOG] PulloutOpener mounted @ https://cpcontents.adobe.com/fr/public/prime-player/js/app.b6cc27fc.js:0
[  266433ms] [LOG] FullScreen @ https://cpcontents.adobe.com/fr/public/prime-player/js/app.b6cc27fc.js:0
[  266433ms] [LOG] prev mod @ https://cpcontents.adobe.com/fr/public/prime-player/js/app.b6cc27fc.js:0
[  266433ms] [LOG] NextModule mounted @ https://cpcontents.adobe.com/fr/public/prime-player/js/app.b6cc27fc.js:0
[  266433ms] [LOG] here after render @ https://cpcontents.adobe.com/fr/public/prime-player/js/app.b6cc27fc.js:0
[  266434ms] [LOG] >>>>>>> bottomPanelRef JSHandle@node @ https://cpcontents.adobe.com/fr/public/prime-player/js/app.b6cc27fc.js:0
[  266434ms] [LOG] >>>>>>> bottomPanelRef Proxy(Object) Proxy(Object) @ https://cpcontents.adobe.com/fr/public/prime-player/js/app.b6cc27fc.js:0
[  266434ms] [LOG] >>>>>>> panelRef watch JSHandle@node @ https://cpcontents.adobe.com/fr/public/prime-player/js/app.b6cc27fc.js:0
[  266585ms] [LOG] Worker: Port set @ https://cpcontents.adobe.com/fr/public/prime-player/js/app.b6cc27fc.js:0
[  266585ms] [LOG] Worker: App initialised. @ https://cpcontents.adobe.com/fr/public/prime-player/js/app.b6cc27fc.js:0
[  266585ms] [LOG] Worker: Received {"command":"startWorker","type":"accessToken","value":"","user":"22269687"} @ https://cpcontents.adobe.com/fr/public/prime-player/js/app.b6cc27fc.js:0
[  266585ms] [LOG] Worker: Database initialised @ https://cpcontents.adobe.com/fr/public/prime-player/js/app.b6cc27fc.js:0
[  266646ms] [LOG] App handleAfterModel @ https://cpcontents.adobe.com/fr/public/prime-player/js/app.b6cc27fc.js:0
[  266646ms] [LOG] Initilizing application controller @ https://cpcontents.adobe.com/fr/public/prime-player/js/app.b6cc27fc.js:0
[  266647ms] [LOG] loadIndex watch @ https://cpcontents.adobe.com/fr/public/prime-player/js/app.b6cc27fc.js:0
[  266647ms] [LOG] Received appCtrlData Proxy(Object) @ https://cpcontents.adobe.com/fr/public/prime-player/js/app.b6cc27fc.js:0
[  266648ms] [LOG] Initializing index controller @ https://cpcontents.adobe.com/fr/public/prime-player/js/app.b6cc27fc.js:0
[  266650ms] [LOG] [MQA] hasContentDrivenAttemptTracking: false @ https://cpcontents.adobe.com/fr/public/prime-player/js/app.b6cc27fc.js:0
[  266653ms] [LOG] [Index] Before initializeCmi - window.API exists: object LMSInitialize: function @ https://cpcontents.adobe.com/fr/public/prime-player/js/app.b6cc27fc.js:0
[  266654ms] [LOG] format here @ https://cpcontents.adobe.com/fr/public/prime-player/js/app.b6cc27fc.js:0
[  266655ms] [LOG] ModulePlayer created @ https://cpcontents.adobe.com/fr/public/prime-player/js/app.b6cc27fc.js:0
[  266660ms] [LOG] loadIndex watch @ https://cpcontents.adobe.com/fr/public/prime-player/js/app.b6cc27fc.js:0
[  266661ms] [LOG] ModulePlayer mounted @ https://cpcontents.adobe.com/fr/public/prime-player/js/app.b6cc27fc.js:0
[  266662ms] [LOG] OptionsControl mounted @ https://cpcontents.adobe.com/fr/public/prime-player/js/app.b6cc27fc.js:0
[ -355192ms] [WARNING] Allow attribute will take precedence over 'allowfullscreen'. @ https://alm.ibm.com/etc.clientlibs/clientlibs/granite/coralui3.lc-128ef7bb116bd33e075784c264c98ea8-lc.min.js:1
[  265847ms] [WARNING] Scripts may close only the windows that were opened by them. @ https://alm.ibm.com/etc.clientlibs/learning/clientlibs/clientlib-alm.lc-2b310f79c1e81951878a59b5b08e1036-lc.min.js:123
[  271658ms] [LOG] flushStatementQueue called. There are 2 statements to be flushed. @ https://cpcontents.adobe.com/fr/public/prime-player/js/app.b6cc27fc.js:0
[  271878ms] [INFO] success callback @ https://cpcontents.adobe.com/fr/public/prime-player/js/chunk-vendors.bdcf9ac4.js:239
[  271878ms] [INFO] success callback @ https://cpcontents.adobe.com/fr/public/prime-player/js/chunk-vendors.bdcf9ac4.js:239
[  271878ms] [INFO] success callback @ https://cpcontents.adobe.com/fr/public/prime-player/js/chunk-vendors.bdcf9ac4.js:239
[  271878ms] [INFO] success callback @ https://cpcontents.adobe.com/fr/public/prime-player/js/chunk-vendors.bdcf9ac4.js:239
[  271878ms] [INFO] success callback @ https://cpcontents.adobe.com/fr/public/prime-player/js/chunk-vendors.bdcf9ac4.js:239
[  271878ms] [INFO] success callback @ https://cpcontents.adobe.com/fr/public/prime-player/js/chunk-vendors.bdcf9ac4.js:239
[  271878ms] [INFO] success callback @ https://cpcontents.adobe.com/fr/public/prime-player/js/chunk-vendors.bdcf9ac4.js:239
[  271878ms] [INFO] success callback @ https://cpcontents.adobe.com/fr/public/prime-player/js/chunk-vendors.bdcf9ac4.js:239
[  271878ms] [INFO] success callback @ https://cpcontents.adobe.com/fr/public/prime-player/js/chunk-vendors.bdcf9ac4.js:239
[  271878ms] [INFO] success callback @ https://cpcontents.adobe.com/fr/public/prime-player/js/chunk-vendors.bdcf9ac4.js:239
[  271878ms] [INFO] success callback @ https://cpcontents.adobe.com/fr/public/prime-player/js/chunk-vendors.bdcf9ac4.js:239
[  271878ms] [INFO] success callback @ https://cpcontents.adobe.com/fr/public/prime-player/js/chunk-vendors.bdcf9ac4.js:239
[  271878ms] [INFO] success callback @ https://cpcontents.adobe.com/fr/public/prime-player/js/chunk-vendors.bdcf9ac4.js:239
[  271878ms] [INFO] success callback @ https://cpcontents.adobe.com/fr/public/prime-player/js/chunk-vendors.bdcf9ac4.js:239
[  271879ms] [INFO] success callback @ https://cpcontents.adobe.com/fr/public/prime-player/js/chunk-vendors.bdcf9ac4.js:239
[  271879ms] [INFO] success callback @ https://cpcontents.adobe.com/fr/public/prime-player/js/chunk-vendors.bdcf9ac4.js:239
[  276660ms] [LOG] flushStatementQueue called. There are 0 statements to be flushed. @ https://cpcontents.adobe.com/fr/public/prime-player/js/app.b6cc27fc.js:0
[  286574ms] [WARNING] The resource https://1.www.s81c.com/common/carbon/plex/fonts/IBM-Plex-Sans/fonts/complete/woff2/IBMPlexSans-SemiBold.woff2 was preloaded using link preload but not used within a few seconds from the window's load event. Please make sure it has an appropriate `as` value and it is preloaded intentionally. @ https://video.ibm.com/embed/recorded/132657339:0
[  286652ms] [LOG] flushStatementQueue called. There are 0 statements to be flushed. @ https://cpcontents.adobe.com/fr/public/prime-player/js/app.b6cc27fc.js:0
[  287674ms] [LOG] Marking current module as complete @ https://cpcontents.adobe.com/fr/public/prime-player/js/app.b6cc27fc.js:0
[  287674ms] [LOG] Fri Jul 17 2026 09:39:48 GMT-0500 (hora de Ecuador) @ https://cpcontents.adobe.com/fr/public/prime-player/js/app.b6cc27fc.js:0
[  287674ms] [LOG] moduleStatusMap:  @ https://cpcontents.adobe.com/fr/public/prime-player/js/app.b6cc27fc.js:0
[  287675ms] [LOG] {"course:4059000_4630795_9267217_1":{"completed":true,"dateCompleted":"2026-07-17T14:39:48.465Z","dateStarted":"2026-07-16T15:06:55.526Z","dateSuccess":"2026-07-17T14:07:58.701Z","duration":48839,"hasPassed":true,"highestScore":100,"maxScore":100,"progressPercent":0,"score":100,"completedInThisSession":true}} @ https://cpcontents.adobe.com/fr/public/prime-player/js/app.b6cc27fc.js:0
[  287675ms] [LOG] auIdModuleStatusMap:  @ https://cpcontents.adobe.com/fr/public/prime-player/js/app.b6cc27fc.js:0
[  287675ms] [LOG] {"course:4059000_4630795_9267217_1":{"completed":true,"dateCompleted":"2026-07-17T14:39:48.465Z","dateStarted":"2026-07-16T15:06:55.526Z","dateSuccess":"2026-07-17T14:07:58.701Z","duration":48839,"hasPassed":true,"highestScore":100,"maxScore":100,"progressPercent":0,"score":100,"completedInThisSession":true}} @ https://cpcontents.adobe.com/fr/public/prime-player/js/app.b6cc27fc.js:0
[  287678ms] [LOG] flushStatementQueue called. There are 2 statements to be flushed. @ https://cpcontents.adobe.com/fr/public/prime-player/js/app.b6cc27fc.js:0
[  287886ms] [INFO] success callback @ https://cpcontents.adobe.com/fr/public/prime-player/js/chunk-vendors.bdcf9ac4.js:239
[  287886ms] [INFO] success callback @ https://cpcontents.adobe.com/fr/public/prime-player/js/chunk-vendors.bdcf9ac4.js:239
[  287886ms] [INFO] success callback @ https://cpcontents.adobe.com/fr/public/prime-player/js/chunk-vendors.bdcf9ac4.js:239
[  287886ms] [INFO] success callback @ https://cpcontents.adobe.com/fr/public/prime-player/js/chunk-vendors.bdcf9ac4.js:239
[  287886ms] [INFO] success callback @ https://cpcontents.adobe.com/fr/public/prime-player/js/chunk-vendors.bdcf9ac4.js:239
[  287886ms] [INFO] success callback @ https://cpcontents.adobe.com/fr/public/prime-player/js/chunk-vendors.bdcf9ac4.js:239
[  287886ms] [INFO] success callback @ https://cpcontents.adobe.com/fr/public/prime-player/js/chunk-vendors.bdcf9ac4.js:239
[  287886ms] [INFO] success callback @ https://cpcontents.adobe.com/fr/public/prime-player/js/chunk-vendors.bdcf9ac4.js:239
[  287886ms] [INFO] success callback @ https://cpcontents.adobe.com/fr/public/prime-player/js/chunk-vendors.bdcf9ac4.js:239
[  287886ms] [INFO] success callback @ https://cpcontents.adobe.com/fr/public/prime-player/js/chunk-vendors.bdcf9ac4.js:239
[  287886ms] [INFO] success callback @ https://cpcontents.adobe.com/fr/public/prime-player/js/chunk-vendors.bdcf9ac4.js:239
[  287886ms] [INFO] success callback @ https://cpcontents.adobe.com/fr/public/prime-player/js/chunk-vendors.bdcf9ac4.js:239
[  287886ms] [INFO] success callback @ https://cpcontents.adobe.com/fr/public/prime-player/js/chunk-vendors.bdcf9ac4.js:239
[  287886ms] [INFO] success callback @ https://cpcontents.adobe.com/fr/public/prime-player/js/chunk-vendors.bdcf9ac4.js:239
[  287886ms] [INFO] success callback @ https://cpcontents.adobe.com/fr/public/prime-player/js/chunk-vendors.bdcf9ac4.js:239
[  287886ms] [INFO] success callback @ https://cpcontents.adobe.com/fr/public/prime-player/js/chunk-vendors.bdcf9ac4.js:239
[  296658ms] [LOG] flushStatementQueue called. There are 0 statements to be flushed. @ https://cpcontents.adobe.com/fr/public/prime-player/js/app.b6cc27fc.js:0
[  303883ms] [WARNING] The resource https://1.www.s81c.com/common/carbon/plex/fonts/IBM-Plex-Sans/fonts/complete/woff2/IBMPlexSans-SemiBold.woff2 was preloaded using link preload but not used within a few seconds from the window's load event. Please make sure it has an appropriate `as` value and it is preloaded intentionally. @ https://video.ibm.com/embed/recorded/132657339:0
[  306651ms] [LOG] flushStatementQueue called. There are 0 statements to be flushed. @ https://cpcontents.adobe.com/fr/public/prime-player/js/app.b6cc27fc.js:0
[  307672ms] [LOG] flushStatementQueue called. There are 0 statements to be flushed. @ https://cpcontents.adobe.com/fr/public/prime-player/js/app.b6cc27fc.js:0
[  316661ms] [LOG] flushStatementQueue called. There are 0 statements to be flushed. @ https://cpcontents.adobe.com/fr/public/prime-player/js/app.b6cc27fc.js:0
[  326663ms] [LOG] flushStatementQueue called. There are 0 statements to be flushed. @ https://cpcontents.adobe.com/fr/public/prime-player/js/app.b6cc27fc.js:0
[  327649ms] [LOG] flushStatementQueue called. There are 1 statements to be flushed. @ https://cpcontents.adobe.com/fr/public/prime-player/js/app.b6cc27fc.js:0
[  327669ms] [LOG] flushStatementQueue called. There are 1 statements to be flushed. @ https://cpcontents.adobe.com/fr/public/prime-player/js/app.b6cc27fc.js:0
[  327873ms] [INFO] success callback @ https://cpcontents.adobe.com/fr/public/prime-player/js/chunk-vendors.bdcf9ac4.js:239
[  327873ms] [INFO] success callback @ https://cpcontents.adobe.com/fr/public/prime-player/js/chunk-vendors.bdcf9ac4.js:239
[  327873ms] [INFO] success callback @ https://cpcontents.adobe.com/fr/public/prime-player/js/chunk-vendors.bdcf9ac4.js:239
[  327874ms] [INFO] success callback @ https://cpcontents.adobe.com/fr/public/prime-player/js/chunk-vendors.bdcf9ac4.js:239
[  327874ms] [INFO] success callback @ https://cpcontents.adobe.com/fr/public/prime-player/js/chunk-vendors.bdcf9ac4.js:239
[  327874ms] [INFO] success callback @ https://cpcontents.adobe.com/fr/public/prime-player/js/chunk-vendors.bdcf9ac4.js:239
[  327874ms] [INFO] success callback @ https://cpcontents.adobe.com/fr/public/prime-player/js/chunk-vendors.bdcf9ac4.js:239
[  327874ms] [INFO] success callback @ https://cpcontents.adobe.com/fr/public/prime-player/js/chunk-vendors.bdcf9ac4.js:239
[  327874ms] [INFO] success callback @ https://cpcontents.adobe.com/fr/public/prime-player/js/chunk-vendors.bdcf9ac4.js:239
[  327874ms] [INFO] success callback @ https://cpcontents.adobe.com/fr/public/prime-player/js/chunk-vendors.bdcf9ac4.js:239
[  327874ms] [INFO] success callback @ https://cpcontents.adobe.com/fr/public/prime-player/js/chunk-vendors.bdcf9ac4.js:239
[  327874ms] [INFO] success callback @ https://cpcontents.adobe.com/fr/public/prime-player/js/chunk-vendors.bdcf9ac4.js:239
[  327874ms] [INFO] success callback @ https://cpcontents.adobe.com/fr/public/prime-player/js/chunk-vendors.bdcf9ac4.js:239
[  327874ms] [INFO] success callback @ https://cpcontents.adobe.com/fr/public/prime-player/js/chunk-vendors.bdcf9ac4.js:239
[  327874ms] [INFO] success callback @ https://cpcontents.adobe.com/fr/public/prime-player/js/chunk-vendors.bdcf9ac4.js:239
[  327874ms] [INFO] success callback @ https://cpcontents.adobe.com/fr/public/prime-player/js/chunk-vendors.bdcf9ac4.js:239
[  333888ms] [WARNING] The resource https://1.www.s81c.com/common/carbon/plex/fonts/IBM-Plex-Sans/fonts/complete/woff2/IBMPlexSans-SemiBold.woff2 was preloaded using link preload but not used within a few seconds from the window's load event. Please make sure it has an appropriate `as` value and it is preloaded intentionally. @ https://video.ibm.com/embed/recorded/132657339:0
[  336657ms] [LOG] flushStatementQueue called. There are 0 statements to be flushed. @ https://cpcontents.adobe.com/fr/public/prime-player/js/app.b6cc27fc.js:0
[  346663ms] [LOG] flushStatementQueue called. There are 0 statements to be flushed. @ https://cpcontents.adobe.com/fr/public/prime-player/js/app.b6cc27fc.js:0
[  347676ms] [LOG] flushStatementQueue called. There are 0 statements to be flushed. @ https://cpcontents.adobe.com/fr/public/prime-player/js/app.b6cc27fc.js:0
[  356658ms] [LOG] flushStatementQueue called. There are 0 statements to be flushed. @ https://cpcontents.adobe.com/fr/public/prime-player/js/app.b6cc27fc.js:0
[  363881ms] [WARNING] The resource https://1.www.s81c.com/common/carbon/plex/fonts/IBM-Plex-Sans/fonts/complete/woff2/IBMPlexSans-SemiBold.woff2 was preloaded using link preload but not used within a few seconds from the window's load event. Please make sure it has an appropriate `as` value and it is preloaded intentionally. @ https://video.ibm.com/embed/recorded/132657339:0
[  366043ms] [LOG] rcvd close msg @ https://cpcontents.adobe.com/fr/public/prime-player/js/app.b6cc27fc.js:0
[  366051ms] [LOG] flushStatementQueue called. There are 0 statements to be flushed. @ https://cpcontents.adobe.com/fr/public/prime-player/js/app.b6cc27fc.js:0
[  366060ms] [LOG] flushStatementQueue called. There are 2 statements to be flushed. @ https://cpcontents.adobe.com/fr/public/prime-player/js/app.b6cc27fc.js:0
[  366065ms] [ERROR] Ajax error occured for  https://learningmanagerfr.adobe.com//primeapi/v2/users/22269687/moduleReset?loId=course:4059000&loResourceId=course:4059000_4630795_9267217_1&i_qp_reset=false&i_qp_started_time=1784299266&close=true&access_token=e29ce9452090c2a24ae8607206c678c9 GET @ https://cpcontents.adobe.com/fr/public/prime-player/js/app.b6cc27fc.js:0
