[    2591ms] [WARNING] Allow attribute will take precedence over 'allowfullscreen'. @ https://alm.ibm.com/etc.clientlibs/clientlibs/granite/coralui3.lc-128ef7bb116bd33e075784c264c98ea8-lc.min.js:1
[    2926ms] [ERROR] Incorrect environment provided prodfr, Must be one of dev/ qe/ stage @ https://cpcontents.adobe.com/fr/public/prime-player/js/app.b6cc27fc.js:0
[    2927ms] [ERROR] Incorrect environment provided , Must be one of dev/ qe/ stage @ https://cpcontents.adobe.com/fr/public/prime-player/js/app.b6cc27fc.js:0
[    2927ms] [ERROR] Incorrect environment provided , Must be one of dev/ qe/ stage @ https://cpcontents.adobe.com/fr/public/prime-player/js/app.b6cc27fc.js:0
[    2927ms] [ERROR] Incorrect hostname provided https://learningmanagerfr.adobe.com, Must be a valid hostname @ https://cpcontents.adobe.com/fr/public/prime-player/js/app.b6cc27fc.js:0
[    2927ms] [ERROR] Incorrect environment provided , Must be one of dev/ qe/ stage @ https://cpcontents.adobe.com/fr/public/prime-player/js/app.b6cc27fc.js:0
[    2927ms] [ERROR] Incorrect environment provided , Must be one of dev/ qe/ stage @ https://cpcontents.adobe.com/fr/public/prime-player/js/app.b6cc27fc.js:0
[    2927ms] [ERROR] Incorrect environment provided , Must be one of dev/ qe/ stage @ https://cpcontents.adobe.com/fr/public/prime-player/js/app.b6cc27fc.js:0
[    2927ms] [ERROR] Incorrect environment provided , Must be one of dev/ qe/ stage @ https://cpcontents.adobe.com/fr/public/prime-player/js/app.b6cc27fc.js:0
[    3222ms] [LOG] app.vue @ https://cpcontents.adobe.com/fr/public/prime-player/js/app.b6cc27fc.js:0
[    3223ms] [ERROR] Incorrect environment provided , Must be one of dev/ qe/ stage @ https://cpcontents.adobe.com/fr/public/prime-player/js/app.b6cc27fc.js:0
[    3223ms] [ERROR] Incorrect environment provided , Must be one of dev/ qe/ stage @ https://cpcontents.adobe.com/fr/public/prime-player/js/app.b6cc27fc.js:0
[    3223ms] [ERROR] Incorrect environment provided , Must be one of dev/ qe/ stage @ https://cpcontents.adobe.com/fr/public/prime-player/js/app.b6cc27fc.js:0
[    3223ms] [ERROR] Incorrect hostname provided https://learningmanagerfr.adobe.com, Must be a valid hostname @ https://cpcontents.adobe.com/fr/public/prime-player/js/app.b6cc27fc.js:0
[    3223ms] [ERROR] Incorrect environment provided , Must be one of dev/ qe/ stage @ https://cpcontents.adobe.com/fr/public/prime-player/js/app.b6cc27fc.js:0
[    3224ms] [ERROR] Incorrect environment provided , Must be one of dev/ qe/ stage @ https://cpcontents.adobe.com/fr/public/prime-player/js/app.b6cc27fc.js:0
[    3224ms] [ERROR] Incorrect environment provided , Must be one of dev/ qe/ stage @ https://cpcontents.adobe.com/fr/public/prime-player/js/app.b6cc27fc.js:0
[    3224ms] [ERROR] Incorrect environment provided , Must be one of dev/ qe/ stage @ https://cpcontents.adobe.com/fr/public/prime-player/js/app.b6cc27fc.js:0
[    3224ms] [LOG] App player parameters read @ https://cpcontents.adobe.com/fr/public/prime-player/js/app.b6cc27fc.js:0
[    3224ms] [LOG] Syncing Params @ https://cpcontents.adobe.com/fr/public/prime-player/js/app.b6cc27fc.js:0
[    3224ms] [LOG] {loId: course:4071170, instanceId: , moduleId: , serverApiEndpoint: https://learningmanagerfr.adobe.com/, userId: } @ https://cpcontents.adobe.com/fr/public/prime-player/js/app.b6cc27fc.js:0
[    3228ms] [LOG] attaching event listeners @ https://cpcontents.adobe.com/fr/public/prime-player/js/app.b6cc27fc.js:0
[    3232ms] [LOG] IndexComponent created @ https://cpcontents.adobe.com/fr/public/prime-player/js/app.b6cc27fc.js:0
[    3233ms] [LOG] format here @ https://cpcontents.adobe.com/fr/public/prime-player/js/app.b6cc27fc.js:0
[    3235ms] [LOG] courseNamePanel created @ https://cpcontents.adobe.com/fr/public/prime-player/js/app.b6cc27fc.js:0
[    3240ms] [LOG] >>>>>>> panelRef watch null @ https://cpcontents.adobe.com/fr/public/prime-player/js/app.b6cc27fc.js:0
[    3241ms] [LOG] Reporting loaded @ https://cpcontents.adobe.com/fr/public/prime-player/js/app.b6cc27fc.js:0
[    3241ms] [LOG] CourseNamePanel null @ https://cpcontents.adobe.com/fr/public/prime-player/js/app.b6cc27fc.js:0
[    3244ms] [LOG] pulloutcomp mounted @ https://cpcontents.adobe.com/fr/public/prime-player/js/app.b6cc27fc.js:0
[    3245ms] [LOG] BottomPanel mounted @ https://cpcontents.adobe.com/fr/public/prime-player/js/app.b6cc27fc.js:0
[    3245ms] [LOG] WebUI loaded @ https://cpcontents.adobe.com/fr/public/prime-player/js/app.b6cc27fc.js:0
[    3246ms] [LOG] Mounted  of index component  Proxy(Object) Proxy(Object) @ https://cpcontents.adobe.com/fr/public/prime-player/js/app.b6cc27fc.js:0
[    3246ms] [LOG] Inserted playerlayout view @ https://cpcontents.adobe.com/fr/public/prime-player/js/app.b6cc27fc.js:0
[    3247ms] [LOG] Error component @ https://cpcontents.adobe.com/fr/public/prime-player/js/app.b6cc27fc.js:0
[    3249ms] [LOG] Configure Quality component @ https://cpcontents.adobe.com/fr/public/prime-player/js/app.b6cc27fc.js:0
[    3260ms] [LOG] tocPanelOpener created @ https://cpcontents.adobe.com/fr/public/prime-player/js/app.b6cc27fc.js:0
[    3261ms] [LOG] FullScreen created @ https://cpcontents.adobe.com/fr/public/prime-player/js/app.b6cc27fc.js:0
[    3264ms] [LOG] here after render @ https://cpcontents.adobe.com/fr/public/prime-player/js/app.b6cc27fc.js:0
[    3266ms] [LOG] tocPanelOpener mounted @ https://cpcontents.adobe.com/fr/public/prime-player/js/app.b6cc27fc.js:0
[    3266ms] [LOG] NotesPanelOpener mounted @ https://cpcontents.adobe.com/fr/public/prime-player/js/app.b6cc27fc.js:0
[    3266ms] [LOG] PulloutOpener mounted @ https://cpcontents.adobe.com/fr/public/prime-player/js/app.b6cc27fc.js:0
[    3267ms] [LOG] FullScreen @ https://cpcontents.adobe.com/fr/public/prime-player/js/app.b6cc27fc.js:0
[    3267ms] [LOG] prev mod @ https://cpcontents.adobe.com/fr/public/prime-player/js/app.b6cc27fc.js:0
[    3267ms] [LOG] NextModule mounted @ https://cpcontents.adobe.com/fr/public/prime-player/js/app.b6cc27fc.js:0
[    3267ms] [LOG] here after render @ https://cpcontents.adobe.com/fr/public/prime-player/js/app.b6cc27fc.js:0
[    3267ms] [LOG] >>>>>>> bottomPanelRef JSHandle@node @ https://cpcontents.adobe.com/fr/public/prime-player/js/app.b6cc27fc.js:0
[    3267ms] [LOG] >>>>>>> bottomPanelRef Proxy(Object) Proxy(Object) @ https://cpcontents.adobe.com/fr/public/prime-player/js/app.b6cc27fc.js:0
[    3267ms] [LOG] >>>>>>> panelRef watch JSHandle@node @ https://cpcontents.adobe.com/fr/public/prime-player/js/app.b6cc27fc.js:0
[    3424ms] [LOG] Worker: Port set @ https://cpcontents.adobe.com/fr/public/prime-player/js/app.b6cc27fc.js:0
[    3424ms] [LOG] Worker: App initialised. @ https://cpcontents.adobe.com/fr/public/prime-player/js/app.b6cc27fc.js:0
[    3424ms] [LOG] Worker: Received {"command":"startWorker","type":"accessToken","value":"","user":"22269687"} @ https://cpcontents.adobe.com/fr/public/prime-player/js/app.b6cc27fc.js:0
[    3433ms] [LOG] Worker: Database initialised @ https://cpcontents.adobe.com/fr/public/prime-player/js/app.b6cc27fc.js:0
[    3506ms] [LOG] fetching the player state @ https://cpcontents.adobe.com/fr/public/prime-player/js/app.b6cc27fc.js:0
[    3701ms] [LOG] {} @ https://cpcontents.adobe.com/fr/public/prime-player/js/app.b6cc27fc.js:0
[    3702ms] [LOG] App handleAfterModel @ https://cpcontents.adobe.com/fr/public/prime-player/js/app.b6cc27fc.js:0
[    3703ms] [LOG] Initilizing application controller @ https://cpcontents.adobe.com/fr/public/prime-player/js/app.b6cc27fc.js:0
[    3703ms] [LOG] loadIndex watch @ https://cpcontents.adobe.com/fr/public/prime-player/js/app.b6cc27fc.js:0
[    3704ms] [LOG] Received appCtrlData Proxy(Object) @ https://cpcontents.adobe.com/fr/public/prime-player/js/app.b6cc27fc.js:0
[    3704ms] [LOG] Initializing index controller @ https://cpcontents.adobe.com/fr/public/prime-player/js/app.b6cc27fc.js:0
[    3706ms] [LOG] [MQA] hasContentDrivenAttemptTracking: false @ https://cpcontents.adobe.com/fr/public/prime-player/js/app.b6cc27fc.js:0
[    3709ms] [LOG] [Index] Before initializeCmi - window.API exists: object LMSInitialize: function @ https://cpcontents.adobe.com/fr/public/prime-player/js/app.b6cc27fc.js:0
[    3710ms] [LOG] format here @ https://cpcontents.adobe.com/fr/public/prime-player/js/app.b6cc27fc.js:0
[    3711ms] [LOG] ModulePlayer created @ https://cpcontents.adobe.com/fr/public/prime-player/js/app.b6cc27fc.js:0
[    3716ms] [LOG] loadIndex watch @ https://cpcontents.adobe.com/fr/public/prime-player/js/app.b6cc27fc.js:0
[    3717ms] [LOG] ModulePlayer mounted @ https://cpcontents.adobe.com/fr/public/prime-player/js/app.b6cc27fc.js:0
[    3718ms] [LOG] OptionsControl mounted @ https://cpcontents.adobe.com/fr/public/prime-player/js/app.b6cc27fc.js:0
[    3720ms] [ERROR] Error parsing module state data: SyntaxError: Unexpected end of JSON input
    at JSON.parse (<anonymous>)
    at e.<anonymous> (https://cpcontents.adobe.com/fr/public/prime-player/js/app.b6cc27fc.js:1:109252)
    at l (https://cpcontents.adobe.com/fr/public/prime-player/js/chunk-vendors.bdcf9ac4.js:62:3788)
    at Object.next (https://cpcontents.adobe.com/fr/public/prime-player/js/chunk-vendors.bdcf9ac4.js:62:3062)
    at a (https://cpcontents.adobe.com/fr/public/prime-player/js/chunk-vendors.bdcf9ac4.js:62:2558) @ https://cpcontents.adobe.com/fr/public/prime-player/js/app.b6cc27fc.js:0
[    3815ms] [LOG] Worker: Retry updated 1 @ https://cpcontents.adobe.com/fr/public/prime-player/js/app.b6cc27fc.js:0
[    3816ms] [LOG] Worker: Statement succeeded and deleted [object Object] @ https://cpcontents.adobe.com/fr/public/prime-player/js/app.b6cc27fc.js:0
[    8711ms] [LOG] flushStatementQueue called. There are 4 statements to be flushed. @ https://cpcontents.adobe.com/fr/public/prime-player/js/app.b6cc27fc.js:0
[    8973ms] [INFO] success callback @ https://cpcontents.adobe.com/fr/public/prime-player/js/chunk-vendors.bdcf9ac4.js:239
[    8973ms] [INFO] success callback @ https://cpcontents.adobe.com/fr/public/prime-player/js/chunk-vendors.bdcf9ac4.js:239
[    8973ms] [INFO] success callback @ https://cpcontents.adobe.com/fr/public/prime-player/js/chunk-vendors.bdcf9ac4.js:239
[    8973ms] [INFO] success callback @ https://cpcontents.adobe.com/fr/public/prime-player/js/chunk-vendors.bdcf9ac4.js:239
[    8973ms] [INFO] success callback @ https://cpcontents.adobe.com/fr/public/prime-player/js/chunk-vendors.bdcf9ac4.js:239
[    8973ms] [INFO] success callback @ https://cpcontents.adobe.com/fr/public/prime-player/js/chunk-vendors.bdcf9ac4.js:239
[    8973ms] [INFO] success callback @ https://cpcontents.adobe.com/fr/public/prime-player/js/chunk-vendors.bdcf9ac4.js:239
[    8973ms] [INFO] success callback @ https://cpcontents.adobe.com/fr/public/prime-player/js/chunk-vendors.bdcf9ac4.js:239
[    8973ms] [INFO] success callback @ https://cpcontents.adobe.com/fr/public/prime-player/js/chunk-vendors.bdcf9ac4.js:239
[    8973ms] [INFO] success callback @ https://cpcontents.adobe.com/fr/public/prime-player/js/chunk-vendors.bdcf9ac4.js:239
[    8974ms] [INFO] success callback @ https://cpcontents.adobe.com/fr/public/prime-player/js/chunk-vendors.bdcf9ac4.js:239
[    8974ms] [INFO] success callback @ https://cpcontents.adobe.com/fr/public/prime-player/js/chunk-vendors.bdcf9ac4.js:239
[    8974ms] [INFO] success callback @ https://cpcontents.adobe.com/fr/public/prime-player/js/chunk-vendors.bdcf9ac4.js:239
[    8974ms] [INFO] success callback @ https://cpcontents.adobe.com/fr/public/prime-player/js/chunk-vendors.bdcf9ac4.js:239
[    8974ms] [INFO] success callback @ https://cpcontents.adobe.com/fr/public/prime-player/js/chunk-vendors.bdcf9ac4.js:239
[    8974ms] [INFO] success callback @ https://cpcontents.adobe.com/fr/public/prime-player/js/chunk-vendors.bdcf9ac4.js:239
[   10340ms] [LOG] Download the Apollo DevTools for a better development experience: %s https://chrome.google.com/webstore/detail/apollo-client-developer-t/jdkknkkbebbapilgoeccciglkfbmbnfm @ https://alm.ibm.com/etc.clientlibs/learning/clientlibs/clientlib-alm.lc-2b310f79c1e81951878a59b5b08e1036-lc.min.js:123
[   13707ms] [LOG] flushStatementQueue called. There are 0 statements to be flushed. @ https://cpcontents.adobe.com/fr/public/prime-player/js/app.b6cc27fc.js:0
[   23709ms] [LOG] flushStatementQueue called. There are 0 statements to be flushed. @ https://cpcontents.adobe.com/fr/public/prime-player/js/app.b6cc27fc.js:0
[   24714ms] [LOG] flushStatementQueue called. There are 1 statements to be flushed. @ https://cpcontents.adobe.com/fr/public/prime-player/js/app.b6cc27fc.js:0
[   24923ms] [INFO] success callback @ https://cpcontents.adobe.com/fr/public/prime-player/js/chunk-vendors.bdcf9ac4.js:239
[   24923ms] [INFO] success callback @ https://cpcontents.adobe.com/fr/public/prime-player/js/chunk-vendors.bdcf9ac4.js:239
[   24923ms] [INFO] success callback @ https://cpcontents.adobe.com/fr/public/prime-player/js/chunk-vendors.bdcf9ac4.js:239
[   24923ms] [INFO] success callback @ https://cpcontents.adobe.com/fr/public/prime-player/js/chunk-vendors.bdcf9ac4.js:239
[   24923ms] [INFO] success callback @ https://cpcontents.adobe.com/fr/public/prime-player/js/chunk-vendors.bdcf9ac4.js:239
[   24923ms] [INFO] success callback @ https://cpcontents.adobe.com/fr/public/prime-player/js/chunk-vendors.bdcf9ac4.js:239
[   24923ms] [INFO] success callback @ https://cpcontents.adobe.com/fr/public/prime-player/js/chunk-vendors.bdcf9ac4.js:239
[   24924ms] [INFO] success callback @ https://cpcontents.adobe.com/fr/public/prime-player/js/chunk-vendors.bdcf9ac4.js:239
[   24924ms] [INFO] success callback @ https://cpcontents.adobe.com/fr/public/prime-player/js/chunk-vendors.bdcf9ac4.js:239
[   24924ms] [INFO] success callback @ https://cpcontents.adobe.com/fr/public/prime-player/js/chunk-vendors.bdcf9ac4.js:239
[   24924ms] [INFO] success callback @ https://cpcontents.adobe.com/fr/public/prime-player/js/chunk-vendors.bdcf9ac4.js:239
[   24924ms] [INFO] success callback @ https://cpcontents.adobe.com/fr/public/prime-player/js/chunk-vendors.bdcf9ac4.js:239
[   24924ms] [INFO] success callback @ https://cpcontents.adobe.com/fr/public/prime-player/js/chunk-vendors.bdcf9ac4.js:239
[   24924ms] [INFO] success callback @ https://cpcontents.adobe.com/fr/public/prime-player/js/chunk-vendors.bdcf9ac4.js:239
[   24924ms] [INFO] success callback @ https://cpcontents.adobe.com/fr/public/prime-player/js/chunk-vendors.bdcf9ac4.js:239
[   24924ms] [INFO] success callback @ https://cpcontents.adobe.com/fr/public/prime-player/js/chunk-vendors.bdcf9ac4.js:239
[   33718ms] [LOG] flushStatementQueue called. There are 0 statements to be flushed. @ https://cpcontents.adobe.com/fr/public/prime-player/js/app.b6cc27fc.js:0
[   43708ms] [LOG] flushStatementQueue called. There are 0 statements to be flushed. @ https://cpcontents.adobe.com/fr/public/prime-player/js/app.b6cc27fc.js:0
[   44710ms] [LOG] flushStatementQueue called. There are 1 statements to be flushed. @ https://cpcontents.adobe.com/fr/public/prime-player/js/app.b6cc27fc.js:0
[   44927ms] [INFO] success callback @ https://cpcontents.adobe.com/fr/public/prime-player/js/chunk-vendors.bdcf9ac4.js:239
[   44927ms] [INFO] success callback @ https://cpcontents.adobe.com/fr/public/prime-player/js/chunk-vendors.bdcf9ac4.js:239
[   44927ms] [INFO] success callback @ https://cpcontents.adobe.com/fr/public/prime-player/js/chunk-vendors.bdcf9ac4.js:239
[   44927ms] [INFO] success callback @ https://cpcontents.adobe.com/fr/public/prime-player/js/chunk-vendors.bdcf9ac4.js:239
[   44927ms] [INFO] success callback @ https://cpcontents.adobe.com/fr/public/prime-player/js/chunk-vendors.bdcf9ac4.js:239
[   44927ms] [INFO] success callback @ https://cpcontents.adobe.com/fr/public/prime-player/js/chunk-vendors.bdcf9ac4.js:239
[   44927ms] [INFO] success callback @ https://cpcontents.adobe.com/fr/public/prime-player/js/chunk-vendors.bdcf9ac4.js:239
[   44927ms] [INFO] success callback @ https://cpcontents.adobe.com/fr/public/prime-player/js/chunk-vendors.bdcf9ac4.js:239
[   44927ms] [INFO] success callback @ https://cpcontents.adobe.com/fr/public/prime-player/js/chunk-vendors.bdcf9ac4.js:239
[   44927ms] [INFO] success callback @ https://cpcontents.adobe.com/fr/public/prime-player/js/chunk-vendors.bdcf9ac4.js:239
[   44927ms] [INFO] success callback @ https://cpcontents.adobe.com/fr/public/prime-player/js/chunk-vendors.bdcf9ac4.js:239
[   44927ms] [INFO] success callback @ https://cpcontents.adobe.com/fr/public/prime-player/js/chunk-vendors.bdcf9ac4.js:239
[   44927ms] [INFO] success callback @ https://cpcontents.adobe.com/fr/public/prime-player/js/chunk-vendors.bdcf9ac4.js:239
[   44927ms] [INFO] success callback @ https://cpcontents.adobe.com/fr/public/prime-player/js/chunk-vendors.bdcf9ac4.js:239
[   44927ms] [INFO] success callback @ https://cpcontents.adobe.com/fr/public/prime-player/js/chunk-vendors.bdcf9ac4.js:239
[   44927ms] [INFO] success callback @ https://cpcontents.adobe.com/fr/public/prime-player/js/chunk-vendors.bdcf9ac4.js:239
[   53707ms] [LOG] flushStatementQueue called. There are 0 statements to be flushed. @ https://cpcontents.adobe.com/fr/public/prime-player/js/app.b6cc27fc.js:0
[   63721ms] [LOG] flushStatementQueue called. There are 0 statements to be flushed. @ https://cpcontents.adobe.com/fr/public/prime-player/js/app.b6cc27fc.js:0
[   64701ms] [LOG] flushStatementQueue called. There are 1 statements to be flushed. @ https://cpcontents.adobe.com/fr/public/prime-player/js/app.b6cc27fc.js:0
[   64709ms] [LOG] flushStatementQueue called. There are 1 statements to be flushed. @ https://cpcontents.adobe.com/fr/public/prime-player/js/app.b6cc27fc.js:0
[   64924ms] [INFO] success callback @ https://cpcontents.adobe.com/fr/public/prime-player/js/chunk-vendors.bdcf9ac4.js:239
[   64924ms] [INFO] success callback @ https://cpcontents.adobe.com/fr/public/prime-player/js/chunk-vendors.bdcf9ac4.js:239
[   64924ms] [INFO] success callback @ https://cpcontents.adobe.com/fr/public/prime-player/js/chunk-vendors.bdcf9ac4.js:239
[   64924ms] [INFO] success callback @ https://cpcontents.adobe.com/fr/public/prime-player/js/chunk-vendors.bdcf9ac4.js:239
[   64924ms] [INFO] success callback @ https://cpcontents.adobe.com/fr/public/prime-player/js/chunk-vendors.bdcf9ac4.js:239
[   64924ms] [INFO] success callback @ https://cpcontents.adobe.com/fr/public/prime-player/js/chunk-vendors.bdcf9ac4.js:239
[   64924ms] [INFO] success callback @ https://cpcontents.adobe.com/fr/public/prime-player/js/chunk-vendors.bdcf9ac4.js:239
[   64924ms] [INFO] success callback @ https://cpcontents.adobe.com/fr/public/prime-player/js/chunk-vendors.bdcf9ac4.js:239
[   64924ms] [INFO] success callback @ https://cpcontents.adobe.com/fr/public/prime-player/js/chunk-vendors.bdcf9ac4.js:239
[   64924ms] [INFO] success callback @ https://cpcontents.adobe.com/fr/public/prime-player/js/chunk-vendors.bdcf9ac4.js:239
[   64924ms] [INFO] success callback @ https://cpcontents.adobe.com/fr/public/prime-player/js/chunk-vendors.bdcf9ac4.js:239
[   64924ms] [INFO] success callback @ https://cpcontents.adobe.com/fr/public/prime-player/js/chunk-vendors.bdcf9ac4.js:239
[   64924ms] [INFO] success callback @ https://cpcontents.adobe.com/fr/public/prime-player/js/chunk-vendors.bdcf9ac4.js:239
[   64924ms] [INFO] success callback @ https://cpcontents.adobe.com/fr/public/prime-player/js/chunk-vendors.bdcf9ac4.js:239
[   64924ms] [INFO] success callback @ https://cpcontents.adobe.com/fr/public/prime-player/js/chunk-vendors.bdcf9ac4.js:239
[   64924ms] [INFO] success callback @ https://cpcontents.adobe.com/fr/public/prime-player/js/chunk-vendors.bdcf9ac4.js:239
[   68708ms] [LOG] flushStatementQueue called. There are 1 statements to be flushed. @ https://cpcontents.adobe.com/fr/public/prime-player/js/app.b6cc27fc.js:0
[   68919ms] [INFO] success callback @ https://cpcontents.adobe.com/fr/public/prime-player/js/chunk-vendors.bdcf9ac4.js:239
[   68920ms] [INFO] success callback @ https://cpcontents.adobe.com/fr/public/prime-player/js/chunk-vendors.bdcf9ac4.js:239
[   68920ms] [INFO] success callback @ https://cpcontents.adobe.com/fr/public/prime-player/js/chunk-vendors.bdcf9ac4.js:239
[   68920ms] [INFO] success callback @ https://cpcontents.adobe.com/fr/public/prime-player/js/chunk-vendors.bdcf9ac4.js:239
[   68920ms] [INFO] success callback @ https://cpcontents.adobe.com/fr/public/prime-player/js/chunk-vendors.bdcf9ac4.js:239
[   68920ms] [INFO] success callback @ https://cpcontents.adobe.com/fr/public/prime-player/js/chunk-vendors.bdcf9ac4.js:239
[   68920ms] [INFO] success callback @ https://cpcontents.adobe.com/fr/public/prime-player/js/chunk-vendors.bdcf9ac4.js:239
[   68920ms] [INFO] success callback @ https://cpcontents.adobe.com/fr/public/prime-player/js/chunk-vendors.bdcf9ac4.js:239
[   68920ms] [INFO] success callback @ https://cpcontents.adobe.com/fr/public/prime-player/js/chunk-vendors.bdcf9ac4.js:239
[   68920ms] [INFO] success callback @ https://cpcontents.adobe.com/fr/public/prime-player/js/chunk-vendors.bdcf9ac4.js:239
[   68920ms] [INFO] success callback @ https://cpcontents.adobe.com/fr/public/prime-player/js/chunk-vendors.bdcf9ac4.js:239
[   68920ms] [INFO] success callback @ https://cpcontents.adobe.com/fr/public/prime-player/js/chunk-vendors.bdcf9ac4.js:239
[   68920ms] [INFO] success callback @ https://cpcontents.adobe.com/fr/public/prime-player/js/chunk-vendors.bdcf9ac4.js:239
[   68920ms] [INFO] success callback @ https://cpcontents.adobe.com/fr/public/prime-player/js/chunk-vendors.bdcf9ac4.js:239
[   68920ms] [INFO] success callback @ https://cpcontents.adobe.com/fr/public/prime-player/js/chunk-vendors.bdcf9ac4.js:239
[   68920ms] [INFO] success callback @ https://cpcontents.adobe.com/fr/public/prime-player/js/chunk-vendors.bdcf9ac4.js:239
[   73719ms] [LOG] flushStatementQueue called. There are 0 statements to be flushed. @ https://cpcontents.adobe.com/fr/public/prime-player/js/app.b6cc27fc.js:0
[   83709ms] [LOG] flushStatementQueue called. There are 0 statements to be flushed. @ https://cpcontents.adobe.com/fr/public/prime-player/js/app.b6cc27fc.js:0
[   84712ms] [LOG] flushStatementQueue called. There are 1 statements to be flushed. @ https://cpcontents.adobe.com/fr/public/prime-player/js/app.b6cc27fc.js:0
[   84928ms] [INFO] success callback @ https://cpcontents.adobe.com/fr/public/prime-player/js/chunk-vendors.bdcf9ac4.js:239
[   84928ms] [INFO] success callback @ https://cpcontents.adobe.com/fr/public/prime-player/js/chunk-vendors.bdcf9ac4.js:239
[   84928ms] [INFO] success callback @ https://cpcontents.adobe.com/fr/public/prime-player/js/chunk-vendors.bdcf9ac4.js:239
[   84928ms] [INFO] success callback @ https://cpcontents.adobe.com/fr/public/prime-player/js/chunk-vendors.bdcf9ac4.js:239
[   84928ms] [INFO] success callback @ https://cpcontents.adobe.com/fr/public/prime-player/js/chunk-vendors.bdcf9ac4.js:239
[   84928ms] [INFO] success callback @ https://cpcontents.adobe.com/fr/public/prime-player/js/chunk-vendors.bdcf9ac4.js:239
[   84928ms] [INFO] success callback @ https://cpcontents.adobe.com/fr/public/prime-player/js/chunk-vendors.bdcf9ac4.js:239
[   84928ms] [INFO] success callback @ https://cpcontents.adobe.com/fr/public/prime-player/js/chunk-vendors.bdcf9ac4.js:239
[   84928ms] [INFO] success callback @ https://cpcontents.adobe.com/fr/public/prime-player/js/chunk-vendors.bdcf9ac4.js:239
[   84928ms] [INFO] success callback @ https://cpcontents.adobe.com/fr/public/prime-player/js/chunk-vendors.bdcf9ac4.js:239
[   84928ms] [INFO] success callback @ https://cpcontents.adobe.com/fr/public/prime-player/js/chunk-vendors.bdcf9ac4.js:239
[   84928ms] [INFO] success callback @ https://cpcontents.adobe.com/fr/public/prime-player/js/chunk-vendors.bdcf9ac4.js:239
[   84928ms] [INFO] success callback @ https://cpcontents.adobe.com/fr/public/prime-player/js/chunk-vendors.bdcf9ac4.js:239
[   84928ms] [INFO] success callback @ https://cpcontents.adobe.com/fr/public/prime-player/js/chunk-vendors.bdcf9ac4.js:239
[   84928ms] [INFO] success callback @ https://cpcontents.adobe.com/fr/public/prime-player/js/chunk-vendors.bdcf9ac4.js:239
[   84928ms] [INFO] success callback @ https://cpcontents.adobe.com/fr/public/prime-player/js/chunk-vendors.bdcf9ac4.js:239
[   93706ms] [LOG] flushStatementQueue called. There are 0 statements to be flushed. @ https://cpcontents.adobe.com/fr/public/prime-player/js/app.b6cc27fc.js:0
[  103708ms] [LOG] flushStatementQueue called. There are 0 statements to be flushed. @ https://cpcontents.adobe.com/fr/public/prime-player/js/app.b6cc27fc.js:0
[  104707ms] [LOG] flushStatementQueue called. There are 1 statements to be flushed. @ https://cpcontents.adobe.com/fr/public/prime-player/js/app.b6cc27fc.js:0
[  104917ms] [INFO] success callback @ https://cpcontents.adobe.com/fr/public/prime-player/js/chunk-vendors.bdcf9ac4.js:239
[  104917ms] [INFO] success callback @ https://cpcontents.adobe.com/fr/public/prime-player/js/chunk-vendors.bdcf9ac4.js:239
[  104917ms] [INFO] success callback @ https://cpcontents.adobe.com/fr/public/prime-player/js/chunk-vendors.bdcf9ac4.js:239
[  104917ms] [INFO] success callback @ https://cpcontents.adobe.com/fr/public/prime-player/js/chunk-vendors.bdcf9ac4.js:239
[  104917ms] [INFO] success callback @ https://cpcontents.adobe.com/fr/public/prime-player/js/chunk-vendors.bdcf9ac4.js:239
[  104917ms] [INFO] success callback @ https://cpcontents.adobe.com/fr/public/prime-player/js/chunk-vendors.bdcf9ac4.js:239
[  104917ms] [INFO] success callback @ https://cpcontents.adobe.com/fr/public/prime-player/js/chunk-vendors.bdcf9ac4.js:239
[  104917ms] [INFO] success callback @ https://cpcontents.adobe.com/fr/public/prime-player/js/chunk-vendors.bdcf9ac4.js:239
[  104917ms] [INFO] success callback @ https://cpcontents.adobe.com/fr/public/prime-player/js/chunk-vendors.bdcf9ac4.js:239
[  104917ms] [INFO] success callback @ https://cpcontents.adobe.com/fr/public/prime-player/js/chunk-vendors.bdcf9ac4.js:239
[  104917ms] [INFO] success callback @ https://cpcontents.adobe.com/fr/public/prime-player/js/chunk-vendors.bdcf9ac4.js:239
[  104917ms] [INFO] success callback @ https://cpcontents.adobe.com/fr/public/prime-player/js/chunk-vendors.bdcf9ac4.js:239
[  104917ms] [INFO] success callback @ https://cpcontents.adobe.com/fr/public/prime-player/js/chunk-vendors.bdcf9ac4.js:239
[  104917ms] [INFO] success callback @ https://cpcontents.adobe.com/fr/public/prime-player/js/chunk-vendors.bdcf9ac4.js:239
[  104917ms] [INFO] success callback @ https://cpcontents.adobe.com/fr/public/prime-player/js/chunk-vendors.bdcf9ac4.js:239
[  104917ms] [INFO] success callback @ https://cpcontents.adobe.com/fr/public/prime-player/js/chunk-vendors.bdcf9ac4.js:239
[  113709ms] [LOG] flushStatementQueue called. There are 0 statements to be flushed. @ https://cpcontents.adobe.com/fr/public/prime-player/js/app.b6cc27fc.js:0
[  123710ms] [LOG] flushStatementQueue called. There are 0 statements to be flushed. @ https://cpcontents.adobe.com/fr/public/prime-player/js/app.b6cc27fc.js:0
[  124691ms] [LOG] flushStatementQueue called. There are 1 statements to be flushed. @ https://cpcontents.adobe.com/fr/public/prime-player/js/app.b6cc27fc.js:0
[  124710ms] [LOG] flushStatementQueue called. There are 1 statements to be flushed. @ https://cpcontents.adobe.com/fr/public/prime-player/js/app.b6cc27fc.js:0
[  124924ms] [INFO] success callback @ https://cpcontents.adobe.com/fr/public/prime-player/js/chunk-vendors.bdcf9ac4.js:239
[  124924ms] [INFO] success callback @ https://cpcontents.adobe.com/fr/public/prime-player/js/chunk-vendors.bdcf9ac4.js:239
[  124924ms] [INFO] success callback @ https://cpcontents.adobe.com/fr/public/prime-player/js/chunk-vendors.bdcf9ac4.js:239
[  124924ms] [INFO] success callback @ https://cpcontents.adobe.com/fr/public/prime-player/js/chunk-vendors.bdcf9ac4.js:239
[  124924ms] [INFO] success callback @ https://cpcontents.adobe.com/fr/public/prime-player/js/chunk-vendors.bdcf9ac4.js:239
[  124924ms] [INFO] success callback @ https://cpcontents.adobe.com/fr/public/prime-player/js/chunk-vendors.bdcf9ac4.js:239
[  124924ms] [INFO] success callback @ https://cpcontents.adobe.com/fr/public/prime-player/js/chunk-vendors.bdcf9ac4.js:239
[  124925ms] [INFO] success callback @ https://cpcontents.adobe.com/fr/public/prime-player/js/chunk-vendors.bdcf9ac4.js:239
[  124925ms] [INFO] success callback @ https://cpcontents.adobe.com/fr/public/prime-player/js/chunk-vendors.bdcf9ac4.js:239
[  124925ms] [INFO] success callback @ https://cpcontents.adobe.com/fr/public/prime-player/js/chunk-vendors.bdcf9ac4.js:239
[  124925ms] [INFO] success callback @ https://cpcontents.adobe.com/fr/public/prime-player/js/chunk-vendors.bdcf9ac4.js:239
[  124925ms] [INFO] success callback @ https://cpcontents.adobe.com/fr/public/prime-player/js/chunk-vendors.bdcf9ac4.js:239
[  124925ms] [INFO] success callback @ https://cpcontents.adobe.com/fr/public/prime-player/js/chunk-vendors.bdcf9ac4.js:239
[  124925ms] [INFO] success callback @ https://cpcontents.adobe.com/fr/public/prime-player/js/chunk-vendors.bdcf9ac4.js:239
[  124925ms] [INFO] success callback @ https://cpcontents.adobe.com/fr/public/prime-player/js/chunk-vendors.bdcf9ac4.js:239
[  124925ms] [INFO] success callback @ https://cpcontents.adobe.com/fr/public/prime-player/js/chunk-vendors.bdcf9ac4.js:239
[  128720ms] [LOG] flushStatementQueue called. There are 1 statements to be flushed. @ https://cpcontents.adobe.com/fr/public/prime-player/js/app.b6cc27fc.js:0
[  128933ms] [INFO] success callback @ https://cpcontents.adobe.com/fr/public/prime-player/js/chunk-vendors.bdcf9ac4.js:239
[  128933ms] [INFO] success callback @ https://cpcontents.adobe.com/fr/public/prime-player/js/chunk-vendors.bdcf9ac4.js:239
[  128933ms] [INFO] success callback @ https://cpcontents.adobe.com/fr/public/prime-player/js/chunk-vendors.bdcf9ac4.js:239
[  128933ms] [INFO] success callback @ https://cpcontents.adobe.com/fr/public/prime-player/js/chunk-vendors.bdcf9ac4.js:239
[  128933ms] [INFO] success callback @ https://cpcontents.adobe.com/fr/public/prime-player/js/chunk-vendors.bdcf9ac4.js:239
[  128933ms] [INFO] success callback @ https://cpcontents.adobe.com/fr/public/prime-player/js/chunk-vendors.bdcf9ac4.js:239
[  128933ms] [INFO] success callback @ https://cpcontents.adobe.com/fr/public/prime-player/js/chunk-vendors.bdcf9ac4.js:239
[  128933ms] [INFO] success callback @ https://cpcontents.adobe.com/fr/public/prime-player/js/chunk-vendors.bdcf9ac4.js:239
[  128933ms] [INFO] success callback @ https://cpcontents.adobe.com/fr/public/prime-player/js/chunk-vendors.bdcf9ac4.js:239
[  128933ms] [INFO] success callback @ https://cpcontents.adobe.com/fr/public/prime-player/js/chunk-vendors.bdcf9ac4.js:239
[  128933ms] [INFO] success callback @ https://cpcontents.adobe.com/fr/public/prime-player/js/chunk-vendors.bdcf9ac4.js:239
[  128933ms] [INFO] success callback @ https://cpcontents.adobe.com/fr/public/prime-player/js/chunk-vendors.bdcf9ac4.js:239
[  128933ms] [INFO] success callback @ https://cpcontents.adobe.com/fr/public/prime-player/js/chunk-vendors.bdcf9ac4.js:239
[  128933ms] [INFO] success callback @ https://cpcontents.adobe.com/fr/public/prime-player/js/chunk-vendors.bdcf9ac4.js:239
[  128933ms] [INFO] success callback @ https://cpcontents.adobe.com/fr/public/prime-player/js/chunk-vendors.bdcf9ac4.js:239
[  128933ms] [INFO] success callback @ https://cpcontents.adobe.com/fr/public/prime-player/js/chunk-vendors.bdcf9ac4.js:239
[  130475ms] [LOG] flushStatementQueue called. There are 2 statements to be flushed. @ https://cpcontents.adobe.com/fr/public/prime-player/js/app.b6cc27fc.js:0
[  130482ms] [LOG] Marking current module as complete @ https://cpcontents.adobe.com/fr/public/prime-player/js/app.b6cc27fc.js:0
[  130482ms] [LOG] Thu Jul 16 2026 09:39:08 GMT-0500 (hora de Ecuador) @ https://cpcontents.adobe.com/fr/public/prime-player/js/app.b6cc27fc.js:0
[  130482ms] [LOG] moduleStatusMap:  @ https://cpcontents.adobe.com/fr/public/prime-player/js/app.b6cc27fc.js:0
[  130482ms] [LOG] {"course:4071170_4643730_9282622_0":{"completed":false,"duration":0,"hasPassed":false,"highestScore":0,"maxScore":0,"progressPercent":0,"score":0,"dateCompleted":"2026-07-16T14:39:08.280Z","completedInThisSession":true}} @ https://cpcontents.adobe.com/fr/public/prime-player/js/app.b6cc27fc.js:0
[  130482ms] [LOG] auIdModuleStatusMap:  @ https://cpcontents.adobe.com/fr/public/prime-player/js/app.b6cc27fc.js:0
[  130482ms] [LOG] {"course:4071170_4643730_9282622_0":{"completed":false,"duration":0,"hasPassed":false,"highestScore":0,"maxScore":0,"progressPercent":0,"score":0,"dateCompleted":"2026-07-16T14:39:08.280Z","completedInThisSession":true}} @ https://cpcontents.adobe.com/fr/public/prime-player/js/app.b6cc27fc.js:0
[  130496ms] [LOG] flushStatementQueue called. There are 2 statements to be flushed. @ https://cpcontents.adobe.com/fr/public/prime-player/js/app.b6cc27fc.js:0
[  130503ms] [LOG] flushStatementQueue called. There are 2 statements to be flushed. @ https://cpcontents.adobe.com/fr/public/prime-player/js/app.b6cc27fc.js:0
[  130694ms] [INFO] success callback @ https://cpcontents.adobe.com/fr/public/prime-player/js/chunk-vendors.bdcf9ac4.js:239
[  130695ms] [INFO] success callback @ https://cpcontents.adobe.com/fr/public/prime-player/js/chunk-vendors.bdcf9ac4.js:239
[  130695ms] [INFO] success callback @ https://cpcontents.adobe.com/fr/public/prime-player/js/chunk-vendors.bdcf9ac4.js:239
[  130695ms] [INFO] success callback @ https://cpcontents.adobe.com/fr/public/prime-player/js/chunk-vendors.bdcf9ac4.js:239
[  130695ms] [INFO] success callback @ https://cpcontents.adobe.com/fr/public/prime-player/js/chunk-vendors.bdcf9ac4.js:239
[  130695ms] [INFO] success callback @ https://cpcontents.adobe.com/fr/public/prime-player/js/chunk-vendors.bdcf9ac4.js:239
[  130695ms] [INFO] success callback @ https://cpcontents.adobe.com/fr/public/prime-player/js/chunk-vendors.bdcf9ac4.js:239
[  130695ms] [INFO] success callback @ https://cpcontents.adobe.com/fr/public/prime-player/js/chunk-vendors.bdcf9ac4.js:239
[  130695ms] [INFO] success callback @ https://cpcontents.adobe.com/fr/public/prime-player/js/chunk-vendors.bdcf9ac4.js:239
[  130695ms] [INFO] success callback @ https://cpcontents.adobe.com/fr/public/prime-player/js/chunk-vendors.bdcf9ac4.js:239
[  130695ms] [INFO] success callback @ https://cpcontents.adobe.com/fr/public/prime-player/js/chunk-vendors.bdcf9ac4.js:239
[  130695ms] [INFO] success callback @ https://cpcontents.adobe.com/fr/public/prime-player/js/chunk-vendors.bdcf9ac4.js:239
[  130695ms] [INFO] success callback @ https://cpcontents.adobe.com/fr/public/prime-player/js/chunk-vendors.bdcf9ac4.js:239
[  130695ms] [INFO] success callback @ https://cpcontents.adobe.com/fr/public/prime-player/js/chunk-vendors.bdcf9ac4.js:239
[  130695ms] [INFO] success callback @ https://cpcontents.adobe.com/fr/public/prime-player/js/chunk-vendors.bdcf9ac4.js:239
[  130695ms] [INFO] success callback @ https://cpcontents.adobe.com/fr/public/prime-player/js/chunk-vendors.bdcf9ac4.js:239
[  133718ms] [LOG] flushStatementQueue called. There are 2 statements to be flushed. @ https://cpcontents.adobe.com/fr/public/prime-player/js/app.b6cc27fc.js:0
[  133984ms] [INFO] success callback @ https://cpcontents.adobe.com/fr/public/prime-player/js/chunk-vendors.bdcf9ac4.js:239
[  133984ms] [INFO] success callback @ https://cpcontents.adobe.com/fr/public/prime-player/js/chunk-vendors.bdcf9ac4.js:239
[  133984ms] [INFO] success callback @ https://cpcontents.adobe.com/fr/public/prime-player/js/chunk-vendors.bdcf9ac4.js:239
[  133984ms] [INFO] success callback @ https://cpcontents.adobe.com/fr/public/prime-player/js/chunk-vendors.bdcf9ac4.js:239
[  133985ms] [INFO] success callback @ https://cpcontents.adobe.com/fr/public/prime-player/js/chunk-vendors.bdcf9ac4.js:239
[  133985ms] [INFO] success callback @ https://cpcontents.adobe.com/fr/public/prime-player/js/chunk-vendors.bdcf9ac4.js:239
[  133985ms] [INFO] success callback @ https://cpcontents.adobe.com/fr/public/prime-player/js/chunk-vendors.bdcf9ac4.js:239
[  133985ms] [INFO] success callback @ https://cpcontents.adobe.com/fr/public/prime-player/js/chunk-vendors.bdcf9ac4.js:239
[  133985ms] [INFO] success callback @ https://cpcontents.adobe.com/fr/public/prime-player/js/chunk-vendors.bdcf9ac4.js:239
[  133985ms] [INFO] success callback @ https://cpcontents.adobe.com/fr/public/prime-player/js/chunk-vendors.bdcf9ac4.js:239
[  133985ms] [INFO] success callback @ https://cpcontents.adobe.com/fr/public/prime-player/js/chunk-vendors.bdcf9ac4.js:239
[  133985ms] [INFO] success callback @ https://cpcontents.adobe.com/fr/public/prime-player/js/chunk-vendors.bdcf9ac4.js:239
[  133985ms] [INFO] success callback @ https://cpcontents.adobe.com/fr/public/prime-player/js/chunk-vendors.bdcf9ac4.js:239
[  133985ms] [INFO] success callback @ https://cpcontents.adobe.com/fr/public/prime-player/js/chunk-vendors.bdcf9ac4.js:239
[  133985ms] [INFO] success callback @ https://cpcontents.adobe.com/fr/public/prime-player/js/chunk-vendors.bdcf9ac4.js:239
[  133985ms] [INFO] success callback @ https://cpcontents.adobe.com/fr/public/prime-player/js/chunk-vendors.bdcf9ac4.js:239
[  143712ms] [LOG] flushStatementQueue called. There are 0 statements to be flushed. @ https://cpcontents.adobe.com/fr/public/prime-player/js/app.b6cc27fc.js:0
[  144723ms] [LOG] flushStatementQueue called. There are 0 statements to be flushed. @ https://cpcontents.adobe.com/fr/public/prime-player/js/app.b6cc27fc.js:0
[  153716ms] [LOG] flushStatementQueue called. There are 0 statements to be flushed. @ https://cpcontents.adobe.com/fr/public/prime-player/js/app.b6cc27fc.js:0
[  163721ms] [LOG] flushStatementQueue called. There are 0 statements to be flushed. @ https://cpcontents.adobe.com/fr/public/prime-player/js/app.b6cc27fc.js:0
[  164716ms] [LOG] flushStatementQueue called. There are 0 statements to be flushed. @ https://cpcontents.adobe.com/fr/public/prime-player/js/app.b6cc27fc.js:0
[  173712ms] [LOG] flushStatementQueue called. There are 0 statements to be flushed. @ https://cpcontents.adobe.com/fr/public/prime-player/js/app.b6cc27fc.js:0
[  183717ms] [LOG] flushStatementQueue called. There are 0 statements to be flushed. @ https://cpcontents.adobe.com/fr/public/prime-player/js/app.b6cc27fc.js:0
[  184702ms] [LOG] flushStatementQueue called. There are 1 statements to be flushed. @ https://cpcontents.adobe.com/fr/public/prime-player/js/app.b6cc27fc.js:0
[  184714ms] [LOG] flushStatementQueue called. There are 1 statements to be flushed. @ https://cpcontents.adobe.com/fr/public/prime-player/js/app.b6cc27fc.js:0
[  184932ms] [INFO] success callback @ https://cpcontents.adobe.com/fr/public/prime-player/js/chunk-vendors.bdcf9ac4.js:239
[  184932ms] [INFO] success callback @ https://cpcontents.adobe.com/fr/public/prime-player/js/chunk-vendors.bdcf9ac4.js:239
[  184932ms] [INFO] success callback @ https://cpcontents.adobe.com/fr/public/prime-player/js/chunk-vendors.bdcf9ac4.js:239
[  184932ms] [INFO] success callback @ https://cpcontents.adobe.com/fr/public/prime-player/js/chunk-vendors.bdcf9ac4.js:239
[  184932ms] [INFO] success callback @ https://cpcontents.adobe.com/fr/public/prime-player/js/chunk-vendors.bdcf9ac4.js:239
[  184932ms] [INFO] success callback @ https://cpcontents.adobe.com/fr/public/prime-player/js/chunk-vendors.bdcf9ac4.js:239
[  184932ms] [INFO] success callback @ https://cpcontents.adobe.com/fr/public/prime-player/js/chunk-vendors.bdcf9ac4.js:239
[  184932ms] [INFO] success callback @ https://cpcontents.adobe.com/fr/public/prime-player/js/chunk-vendors.bdcf9ac4.js:239
[  184932ms] [INFO] success callback @ https://cpcontents.adobe.com/fr/public/prime-player/js/chunk-vendors.bdcf9ac4.js:239
[  184933ms] [INFO] success callback @ https://cpcontents.adobe.com/fr/public/prime-player/js/chunk-vendors.bdcf9ac4.js:239
[  184933ms] [INFO] success callback @ https://cpcontents.adobe.com/fr/public/prime-player/js/chunk-vendors.bdcf9ac4.js:239
[  184933ms] [INFO] success callback @ https://cpcontents.adobe.com/fr/public/prime-player/js/chunk-vendors.bdcf9ac4.js:239
[  184933ms] [INFO] success callback @ https://cpcontents.adobe.com/fr/public/prime-player/js/chunk-vendors.bdcf9ac4.js:239
[  184933ms] [INFO] success callback @ https://cpcontents.adobe.com/fr/public/prime-player/js/chunk-vendors.bdcf9ac4.js:239
[  184933ms] [INFO] success callback @ https://cpcontents.adobe.com/fr/public/prime-player/js/chunk-vendors.bdcf9ac4.js:239
[  184933ms] [INFO] success callback @ https://cpcontents.adobe.com/fr/public/prime-player/js/chunk-vendors.bdcf9ac4.js:239
[  193710ms] [LOG] flushStatementQueue called. There are 0 statements to be flushed. @ https://cpcontents.adobe.com/fr/public/prime-player/js/app.b6cc27fc.js:0
[  203707ms] [LOG] flushStatementQueue called. There are 0 statements to be flushed. @ https://cpcontents.adobe.com/fr/public/prime-player/js/app.b6cc27fc.js:0
[  204712ms] [LOG] flushStatementQueue called. There are 0 statements to be flushed. @ https://cpcontents.adobe.com/fr/public/prime-player/js/app.b6cc27fc.js:0
[  213712ms] [LOG] flushStatementQueue called. There are 0 statements to be flushed. @ https://cpcontents.adobe.com/fr/public/prime-player/js/app.b6cc27fc.js:0
[  223709ms] [LOG] flushStatementQueue called. There are 0 statements to be flushed. @ https://cpcontents.adobe.com/fr/public/prime-player/js/app.b6cc27fc.js:0
[  224713ms] [LOG] flushStatementQueue called. There are 0 statements to be flushed. @ https://cpcontents.adobe.com/fr/public/prime-player/js/app.b6cc27fc.js:0
[  233707ms] [LOG] flushStatementQueue called. There are 0 statements to be flushed. @ https://cpcontents.adobe.com/fr/public/prime-player/js/app.b6cc27fc.js:0
[  243714ms] [LOG] flushStatementQueue called. There are 0 statements to be flushed. @ https://cpcontents.adobe.com/fr/public/prime-player/js/app.b6cc27fc.js:0
[  244701ms] [LOG] flushStatementQueue called. There are 1 statements to be flushed. @ https://cpcontents.adobe.com/fr/public/prime-player/js/app.b6cc27fc.js:0
[  244713ms] [LOG] flushStatementQueue called. There are 1 statements to be flushed. @ https://cpcontents.adobe.com/fr/public/prime-player/js/app.b6cc27fc.js:0
[  244923ms] [INFO] success callback @ https://cpcontents.adobe.com/fr/public/prime-player/js/chunk-vendors.bdcf9ac4.js:239
[  244923ms] [INFO] success callback @ https://cpcontents.adobe.com/fr/public/prime-player/js/chunk-vendors.bdcf9ac4.js:239
[  244923ms] [INFO] success callback @ https://cpcontents.adobe.com/fr/public/prime-player/js/chunk-vendors.bdcf9ac4.js:239
[  244923ms] [INFO] success callback @ https://cpcontents.adobe.com/fr/public/prime-player/js/chunk-vendors.bdcf9ac4.js:239
[  244923ms] [INFO] success callback @ https://cpcontents.adobe.com/fr/public/prime-player/js/chunk-vendors.bdcf9ac4.js:239
[  244923ms] [INFO] success callback @ https://cpcontents.adobe.com/fr/public/prime-player/js/chunk-vendors.bdcf9ac4.js:239
[  244923ms] [INFO] success callback @ https://cpcontents.adobe.com/fr/public/prime-player/js/chunk-vendors.bdcf9ac4.js:239
[  244923ms] [INFO] success callback @ https://cpcontents.adobe.com/fr/public/prime-player/js/chunk-vendors.bdcf9ac4.js:239
[  244923ms] [INFO] success callback @ https://cpcontents.adobe.com/fr/public/prime-player/js/chunk-vendors.bdcf9ac4.js:239
[  244923ms] [INFO] success callback @ https://cpcontents.adobe.com/fr/public/prime-player/js/chunk-vendors.bdcf9ac4.js:239
[  244923ms] [INFO] success callback @ https://cpcontents.adobe.com/fr/public/prime-player/js/chunk-vendors.bdcf9ac4.js:239
[  244923ms] [INFO] success callback @ https://cpcontents.adobe.com/fr/public/prime-player/js/chunk-vendors.bdcf9ac4.js:239
[  244923ms] [INFO] success callback @ https://cpcontents.adobe.com/fr/public/prime-player/js/chunk-vendors.bdcf9ac4.js:239
[  244923ms] [INFO] success callback @ https://cpcontents.adobe.com/fr/public/prime-player/js/chunk-vendors.bdcf9ac4.js:239
[  244923ms] [INFO] success callback @ https://cpcontents.adobe.com/fr/public/prime-player/js/chunk-vendors.bdcf9ac4.js:239
[  244923ms] [INFO] success callback @ https://cpcontents.adobe.com/fr/public/prime-player/js/chunk-vendors.bdcf9ac4.js:239
[  253715ms] [LOG] flushStatementQueue called. There are 0 statements to be flushed. @ https://cpcontents.adobe.com/fr/public/prime-player/js/app.b6cc27fc.js:0
[  263712ms] [LOG] flushStatementQueue called. There are 0 statements to be flushed. @ https://cpcontents.adobe.com/fr/public/prime-player/js/app.b6cc27fc.js:0
[  264718ms] [LOG] flushStatementQueue called. There are 0 statements to be flushed. @ https://cpcontents.adobe.com/fr/public/prime-player/js/app.b6cc27fc.js:0
[  273713ms] [LOG] flushStatementQueue called. There are 0 statements to be flushed. @ https://cpcontents.adobe.com/fr/public/prime-player/js/app.b6cc27fc.js:0
[  283712ms] [LOG] flushStatementQueue called. There are 0 statements to be flushed. @ https://cpcontents.adobe.com/fr/public/prime-player/js/app.b6cc27fc.js:0
[  284711ms] [LOG] flushStatementQueue called. There are 0 statements to be flushed. @ https://cpcontents.adobe.com/fr/public/prime-player/js/app.b6cc27fc.js:0
[  293718ms] [LOG] flushStatementQueue called. There are 0 statements to be flushed. @ https://cpcontents.adobe.com/fr/public/prime-player/js/app.b6cc27fc.js:0
[  303722ms] [LOG] flushStatementQueue called. There are 0 statements to be flushed. @ https://cpcontents.adobe.com/fr/public/prime-player/js/app.b6cc27fc.js:0
[  304692ms] [LOG] flushStatementQueue called. There are 1 statements to be flushed. @ https://cpcontents.adobe.com/fr/public/prime-player/js/app.b6cc27fc.js:0
[  304715ms] [LOG] flushStatementQueue called. There are 1 statements to be flushed. @ https://cpcontents.adobe.com/fr/public/prime-player/js/app.b6cc27fc.js:0
[  304929ms] [INFO] success callback @ https://cpcontents.adobe.com/fr/public/prime-player/js/chunk-vendors.bdcf9ac4.js:239
[  304929ms] [INFO] success callback @ https://cpcontents.adobe.com/fr/public/prime-player/js/chunk-vendors.bdcf9ac4.js:239
[  304929ms] [INFO] success callback @ https://cpcontents.adobe.com/fr/public/prime-player/js/chunk-vendors.bdcf9ac4.js:239
[  304929ms] [INFO] success callback @ https://cpcontents.adobe.com/fr/public/prime-player/js/chunk-vendors.bdcf9ac4.js:239
[  304930ms] [INFO] success callback @ https://cpcontents.adobe.com/fr/public/prime-player/js/chunk-vendors.bdcf9ac4.js:239
[  304930ms] [INFO] success callback @ https://cpcontents.adobe.com/fr/public/prime-player/js/chunk-vendors.bdcf9ac4.js:239
[  304930ms] [INFO] success callback @ https://cpcontents.adobe.com/fr/public/prime-player/js/chunk-vendors.bdcf9ac4.js:239
[  304930ms] [INFO] success callback @ https://cpcontents.adobe.com/fr/public/prime-player/js/chunk-vendors.bdcf9ac4.js:239
[  304930ms] [INFO] success callback @ https://cpcontents.adobe.com/fr/public/prime-player/js/chunk-vendors.bdcf9ac4.js:239
[  304930ms] [INFO] success callback @ https://cpcontents.adobe.com/fr/public/prime-player/js/chunk-vendors.bdcf9ac4.js:239
[  304930ms] [INFO] success callback @ https://cpcontents.adobe.com/fr/public/prime-player/js/chunk-vendors.bdcf9ac4.js:239
[  304930ms] [INFO] success callback @ https://cpcontents.adobe.com/fr/public/prime-player/js/chunk-vendors.bdcf9ac4.js:239
[  304930ms] [INFO] success callback @ https://cpcontents.adobe.com/fr/public/prime-player/js/chunk-vendors.bdcf9ac4.js:239
[  304930ms] [INFO] success callback @ https://cpcontents.adobe.com/fr/public/prime-player/js/chunk-vendors.bdcf9ac4.js:239
[  304930ms] [INFO] success callback @ https://cpcontents.adobe.com/fr/public/prime-player/js/chunk-vendors.bdcf9ac4.js:239
[  304930ms] [INFO] success callback @ https://cpcontents.adobe.com/fr/public/prime-player/js/chunk-vendors.bdcf9ac4.js:239
[  313712ms] [LOG] flushStatementQueue called. There are 0 statements to be flushed. @ https://cpcontents.adobe.com/fr/public/prime-player/js/app.b6cc27fc.js:0
[  323710ms] [LOG] flushStatementQueue called. There are 0 statements to be flushed. @ https://cpcontents.adobe.com/fr/public/prime-player/js/app.b6cc27fc.js:0
[  324716ms] [LOG] flushStatementQueue called. There are 0 statements to be flushed. @ https://cpcontents.adobe.com/fr/public/prime-player/js/app.b6cc27fc.js:0
[  333711ms] [LOG] flushStatementQueue called. There are 0 statements to be flushed. @ https://cpcontents.adobe.com/fr/public/prime-player/js/app.b6cc27fc.js:0
[  343716ms] [LOG] flushStatementQueue called. There are 0 statements to be flushed. @ https://cpcontents.adobe.com/fr/public/prime-player/js/app.b6cc27fc.js:0
[  344709ms] [LOG] flushStatementQueue called. There are 0 statements to be flushed. @ https://cpcontents.adobe.com/fr/public/prime-player/js/app.b6cc27fc.js:0
[  353722ms] [LOG] flushStatementQueue called. There are 0 statements to be flushed. @ https://cpcontents.adobe.com/fr/public/prime-player/js/app.b6cc27fc.js:0
[  363713ms] [LOG] flushStatementQueue called. There are 0 statements to be flushed. @ https://cpcontents.adobe.com/fr/public/prime-player/js/app.b6cc27fc.js:0
[  364700ms] [LOG] flushStatementQueue called. There are 1 statements to be flushed. @ https://cpcontents.adobe.com/fr/public/prime-player/js/app.b6cc27fc.js:0
[  364712ms] [LOG] flushStatementQueue called. There are 1 statements to be flushed. @ https://cpcontents.adobe.com/fr/public/prime-player/js/app.b6cc27fc.js:0
[  364946ms] [INFO] success callback @ https://cpcontents.adobe.com/fr/public/prime-player/js/chunk-vendors.bdcf9ac4.js:239
[  364946ms] [INFO] success callback @ https://cpcontents.adobe.com/fr/public/prime-player/js/chunk-vendors.bdcf9ac4.js:239
[  364946ms] [INFO] success callback @ https://cpcontents.adobe.com/fr/public/prime-player/js/chunk-vendors.bdcf9ac4.js:239
[  364946ms] [INFO] success callback @ https://cpcontents.adobe.com/fr/public/prime-player/js/chunk-vendors.bdcf9ac4.js:239
[  364946ms] [INFO] success callback @ https://cpcontents.adobe.com/fr/public/prime-player/js/chunk-vendors.bdcf9ac4.js:239
[  364946ms] [INFO] success callback @ https://cpcontents.adobe.com/fr/public/prime-player/js/chunk-vendors.bdcf9ac4.js:239
[  364946ms] [INFO] success callback @ https://cpcontents.adobe.com/fr/public/prime-player/js/chunk-vendors.bdcf9ac4.js:239
[  364946ms] [INFO] success callback @ https://cpcontents.adobe.com/fr/public/prime-player/js/chunk-vendors.bdcf9ac4.js:239
[  364946ms] [INFO] success callback @ https://cpcontents.adobe.com/fr/public/prime-player/js/chunk-vendors.bdcf9ac4.js:239
[  364946ms] [INFO] success callback @ https://cpcontents.adobe.com/fr/public/prime-player/js/chunk-vendors.bdcf9ac4.js:239
[  364946ms] [INFO] success callback @ https://cpcontents.adobe.com/fr/public/prime-player/js/chunk-vendors.bdcf9ac4.js:239
[  364946ms] [INFO] success callback @ https://cpcontents.adobe.com/fr/public/prime-player/js/chunk-vendors.bdcf9ac4.js:239
[  364946ms] [INFO] success callback @ https://cpcontents.adobe.com/fr/public/prime-player/js/chunk-vendors.bdcf9ac4.js:239
[  364946ms] [INFO] success callback @ https://cpcontents.adobe.com/fr/public/prime-player/js/chunk-vendors.bdcf9ac4.js:239
[  364946ms] [INFO] success callback @ https://cpcontents.adobe.com/fr/public/prime-player/js/chunk-vendors.bdcf9ac4.js:239
[  364947ms] [INFO] success callback @ https://cpcontents.adobe.com/fr/public/prime-player/js/chunk-vendors.bdcf9ac4.js:239
[  373721ms] [LOG] flushStatementQueue called. There are 0 statements to be flushed. @ https://cpcontents.adobe.com/fr/public/prime-player/js/app.b6cc27fc.js:0
[  383717ms] [LOG] flushStatementQueue called. There are 0 statements to be flushed. @ https://cpcontents.adobe.com/fr/public/prime-player/js/app.b6cc27fc.js:0
[  384713ms] [LOG] flushStatementQueue called. There are 0 statements to be flushed. @ https://cpcontents.adobe.com/fr/public/prime-player/js/app.b6cc27fc.js:0
[  391051ms] [LOG] rcvd close msg @ https://cpcontents.adobe.com/fr/public/prime-player/js/app.b6cc27fc.js:0
[  391062ms] [LOG] flushStatementQueue called. There are 0 statements to be flushed. @ https://cpcontents.adobe.com/fr/public/prime-player/js/app.b6cc27fc.js:0
[  391069ms] [LOG] flushStatementQueue called. There are 2 statements to be flushed. @ https://cpcontents.adobe.com/fr/public/prime-player/js/app.b6cc27fc.js:0
[  391073ms] [ERROR] Ajax error occured for  https://learningmanagerfr.adobe.com//primeapi/v2/users/22269687/moduleReset?loId=course:4071170&loResourceId=course:4071170_4643730_9282622_0&i_qp_reset=false&i_qp_started_time=1784213008&close=true&access_token=e29ce9452090c2a24ae8607206c678c9 GET @ https://cpcontents.adobe.com/fr/public/prime-player/js/app.b6cc27fc.js:0
